#Build: Fabric Compiler 2022.1, Build 99559, Jul 12 00:20 2022
#Install: C:\pango\PDS_2022.1\bin
#Application name: pds_shell.exe
#OS: Windows 10 10.0.19044
#Hostname: LAPTOP-FAGS6GJD
Generated by Fabric Compiler (version 2022.1 build 99559) at Thu May  4 12:59:00 2023
Compiling verification operator library.
Compiling common defs.
Compiling prim grid devices.
Compiling gate devices.
Compiling gate operators.
Building architecture model.
Loading device packaging model.
Reading design from DB.
Start Generating Programming File...
Reading design from DB takes 1.734375 sec.
Generating architecture configuration.
The bitstream file is "C:/Users/86153/Desketop/vedio_contiol/generate_bitstream/hdmi_ddr_ov5640_top.sbit"
Generate programming file takes 15.781250 sec.
Generating Programming File done.
Action gen_bit_stream: Real time elapsed is 0h:0m:24s
Action gen_bit_stream: CPU time elapsed is 0h:0m:21s
Action gen_bit_stream: Process CPU time elapsed is 0h:0m:21s
Current time: Thu May  4 12:59:22 2023
Action gen_bit_stream: Peak memory pool usage is 719 MB
