#Build: Fabric Configuration 2022.1, Build 99559, Jul 12 00:20 2022
#Install: C:\pango\PDS_2022.1\bin
#Application name: cdt_cfg.exe
#OS: Windows 10 10.0.19044
#Hostname: LAPTOP-FAGS6GJD
Generated by Fabric Configuration (version 2022.1 build 99559) at Thu May  4 11:51:34 2023
M_PROCESS_FINISH_STARTED

Connecting to server[127.0.0.1 : 65420].
Connect to server[127.0.0.1 : 65420] successfully.
COMMAND[check version information] execute successfully, takes 0.0 secs.
The cable List : 
Cable index 0:USB Cable II/fffffffffffffffe 

COMMAND[get_cable_paras] execute successfully, takes 0.9 secs.
PANGO USB CABLE II cable driver: D2XX DLL
PGL50H
COMMAND[Open config cable] execute successfully, takes 2.8 secs.
E: JtagServer-0607: Fail to compare C:/Users/86153/Desketop/vedio_contiol/generate_bitstream/hdmi_ddr_ov5640_top.sbit file with readback file.
E: There are 464516 bits in Non-DRM region do not match.
E: There are 15968 bits in DRM region do not match.
W: Configuration-4003: Maybe the cable frequency is high or file error, decreasing frequency may avoid fail or check file. And check flash mode whether device supports.
E: Configuration-0008: The operation 'Verify' execute fail.
COMMAND[Program] execute successfully, takes 3.2 secs.
COMMAND[Program] execute successfully, takes 2.0 secs.
COMMAND[Program] execute successfully, takes 2.3 secs.
COMMAND[Program] execute successfully, takes 2.0 secs.
PANGO USB CABLE II cable driver: D2XX DLL
PGL50H
COMMAND[Open config cable] execute successfully, takes 2.9 secs.
COMMAND[Program] execute successfully, takes 2.0 secs.
COMMAND[Program] execute successfully, takes 2.3 secs.
COMMAND[Program] execute successfully, takes 2.0 secs.
PANGO USB CABLE II cable driver: D2XX DLL
PGL50H
COMMAND[Open config cable] execute successfully, takes 3.7 secs.
COMMAND[Program] execute successfully, takes 2.3 secs.
COMMAND[Program] execute successfully, takes 2.3 secs.
COMMAND[Verify] execute successfully, takes 3.1 secs.
COMMAND[Program] execute successfully, takes 3.0 secs.
COMMAND[Program] execute successfully, takes 2.3 secs.
PANGO USB CABLE II cable driver: D2XX DLL
PGL50H
COMMAND[Open config cable] execute successfully, takes 2.7 secs.
COMMAND[Program] execute successfully, takes 2.0 secs.
COMMAND[Program] execute successfully, takes 2.3 secs.
COMMAND[Program] execute successfully, takes 2.3 secs.
PANGO USB CABLE II cable driver: D2XX DLL
PGL50H
COMMAND[Open config cable] execute successfully, takes 2.0 secs.
COMMAND[Program] execute successfully, takes 2.2 secs.
PANGO USB CABLE II cable driver: D2XX DLL
PGL50H
COMMAND[Open config cable] execute successfully, takes 2.3 secs.
COMMAND[Program] execute successfully, takes 2.0 secs.
PANGO USB CABLE II cable driver: D2XX DLL
PGL50H
COMMAND[Open config cable] execute successfully, takes 2.5 secs.
COMMAND[Program] execute successfully, takes 2.3 secs.
COMMAND[Program] execute successfully, takes 2.0 secs.
PANGO USB CABLE II cable driver: D2XX DLL
PGL50H
COMMAND[Open config cable] execute successfully, takes 2.0 secs.
COMMAND[Program] execute successfully, takes 2.2 secs.
COMMAND[Program] execute successfully, takes 2.2 secs.
COMMAND[Program] execute successfully, takes 2.2 secs.
COMMAND[Program] execute successfully, takes 2.2 secs.
COMMAND[Program] execute successfully, takes 2.0 secs.
COMMAND[Program] execute successfully, takes 2.0 secs.
COMMAND[Program] execute successfully, takes 2.2 secs.
COMMAND[Program] execute successfully, takes 2.2 secs.
E: JtagServer-0602: Fail to open C:/Users/86153/Desketop/vedio_contiol/generate_bitstream/hdmi_ddr_ov5640_top.sbit file.
E: JtagServer-0602: Fail to open C:/Users/86153/Desketop/vedio_contiol/generate_bitstream/hdmi_ddr_ov5640_top.sbit file.
E: Configuration-0008: The operation 'Program' execute fail.
COMMAND[Program] execute successfully, takes 2.2 secs.
PANGO USB CABLE II cable driver: D2XX DLL
PGL50H
COMMAND[Open config cable] execute successfully, takes 4.0 secs.
COMMAND[Program] execute successfully, takes 2.0 secs.
COMMAND[Program] execute successfully, takes 2.2 secs.
PANGO USB CABLE II cable driver: D2XX DLL
PGL50H
COMMAND[Open config cable] execute successfully, takes 2.1 secs.
COMMAND[Program] execute successfully, takes 2.0 secs.
COMMAND[Program] execute successfully, takes 2.0 secs.
COMMAND[Program] execute successfully, takes 2.3 secs.
COMMAND[Program] execute successfully, takes 2.2 secs.
