#Build: Fabric Compiler 2022.1, Build 99559, Jul 12 00:20 2022
#Install: C:\pango\PDS_2022.1\bin
#Application name: pds_shell.exe
#OS: Windows 10 10.0.19044
#Hostname: LAPTOP-FAGS6GJD
Generated by Fabric Compiler (version 2022.1 build 99559) at Thu May  4 12:35:25 2023
Compiling verification operator library.
Compiling common defs.
Compiling prim grid devices.
Compiling gate devices.
Compiling gate operators.
Building architecture model.
Loading device packaging model.
Reading design from pnr DB.
Start Report Post-PnR timing.
W: Flow-4065: The port cmos2_pclk has a sdc constraint, but it do not connect to any pin.
Constructing timing graph ...
Timing graph has been constructed successfully
C: STA-3009: The clock cmos2_pclk is not connected to any clock endpoints,it will be treated as a normal port or pin.
C: STA-3009: The clock cmos2_pclk_16bit is not connected to any clock endpoints,it will be treated as a normal port or pin.
C: STA-3009: The clock clk_25M is not connected to any clock endpoints,it will be treated as a normal port or pin.
W: STA-3011: Clock pin 'AXI4_Interconnect_inst/M1_ARREADY[0]/opit_0/G' (gopLATCH.G) has no clock, timing propagation is disabled at the pin.
W: STA-3011: Clock pin 'AXI4_Interconnect_inst/M1_RDATA[0]/opit_0/G' (gopLATCH.G) has no clock, timing propagation is disabled at the pin.
W: STA-3011: Clock pin 'AXI4_Interconnect_inst/M1_RDATA[1]/opit_0/G' (gopLATCH.G) has no clock, timing propagation is disabled at the pin.
W: STA-3011: Clock pin 'AXI4_Interconnect_inst/M1_RDATA[2]/opit_0/G' (gopLATCH.G) has no clock, timing propagation is disabled at the pin.
W: STA-3011: Clock pin 'AXI4_Interconnect_inst/M1_RDATA[3]/opit_0/G' (gopLATCH.G) has no clock, timing propagation is disabled at the pin.
W: STA-3011: Clock pin 'AXI4_Interconnect_inst/M1_RDATA[4]/opit_0/G' (gopLATCH.G) has no clock, timing propagation is disabled at the pin.
W: STA-3011: Clock pin 'AXI4_Interconnect_inst/M1_RDATA[5]/opit_0/G' (gopLATCH.G) has no clock, timing propagation is disabled at the pin.
W: STA-3011: Clock pin 'AXI4_Interconnect_inst/M1_RDATA[6]/opit_0/G' (gopLATCH.G) has no clock, timing propagation is disabled at the pin.
W: STA-3011: Clock pin 'AXI4_Interconnect_inst/M1_RDATA[7]/opit_0/G' (gopLATCH.G) has no clock, timing propagation is disabled at the pin.
W: STA-3011: Clock pin 'AXI4_Interconnect_inst/M1_RDATA[8]/opit_0/G' (gopLATCH.G) has no clock, timing propagation is disabled at the pin.
W: STA-3011: Clock pin 'AXI4_Interconnect_inst/M1_RDATA[9]/opit_0/G' (gopLATCH.G) has no clock, timing propagation is disabled at the pin.
W: STA-3011: Clock pin 'AXI4_Interconnect_inst/M1_RDATA[10]/opit_0/G' (gopLATCH.G) has no clock, timing propagation is disabled at the pin.
W: STA-3011: Clock pin 'AXI4_Interconnect_inst/M1_RDATA[11]/opit_0/G' (gopLATCH.G) has no clock, timing propagation is disabled at the pin.
W: STA-3011: Clock pin 'AXI4_Interconnect_inst/M1_RDATA[12]/opit_0/G' (gopLATCH.G) has no clock, timing propagation is disabled at the pin.
W: STA-3011: Clock pin 'AXI4_Interconnect_inst/M1_RDATA[13]/opit_0/G' (gopLATCH.G) has no clock, timing propagation is disabled at the pin.
W: STA-3011: Clock pin 'AXI4_Interconnect_inst/M1_RDATA[14]/opit_0/G' (gopLATCH.G) has no clock, timing propagation is disabled at the pin.
W: STA-3011: Clock pin 'AXI4_Interconnect_inst/M1_RDATA[15]/opit_0/G' (gopLATCH.G) has no clock, timing propagation is disabled at the pin.
W: STA-3011: Clock pin 'AXI4_Interconnect_inst/M1_RDATA[16]/opit_0/G' (gopLATCH.G) has no clock, timing propagation is disabled at the pin.
W: STA-3011: Clock pin 'AXI4_Interconnect_inst/M1_RDATA[17]/opit_0/G' (gopLATCH.G) has no clock, timing propagation is disabled at the pin.
W: STA-3011: Clock pin 'AXI4_Interconnect_inst/M1_RDATA[18]/opit_0/G' (gopLATCH.G) has no clock, timing propagation is disabled at the pin.
W: STA-3011: Clock pin 'AXI4_Interconnect_inst/M1_RDATA[19]/opit_0/G' (gopLATCH.G) has no clock, timing propagation is disabled at the pin.
W: STA-3011: Clock pin 'AXI4_Interconnect_inst/M1_RDATA[20]/opit_0/G' (gopLATCH.G) has no clock, timing propagation is disabled at the pin.
W: STA-3011: Clock pin 'AXI4_Interconnect_inst/M1_RDATA[21]/opit_0/G' (gopLATCH.G) has no clock, timing propagation is disabled at the pin.
W: STA-3011: Clock pin 'AXI4_Interconnect_inst/M1_RDATA[22]/opit_0/G' (gopLATCH.G) has no clock, timing propagation is disabled at the pin.
W: STA-3011: Clock pin 'AXI4_Interconnect_inst/M1_RDATA[23]/opit_0/G' (gopLATCH.G) has no clock, timing propagation is disabled at the pin.
W: STA-3011: Clock pin 'AXI4_Interconnect_inst/M1_RDATA[24]/opit_0/G' (gopLATCH.G) has no clock, timing propagation is disabled at the pin.
W: STA-3011: Clock pin 'AXI4_Interconnect_inst/M1_RDATA[25]/opit_0/G' (gopLATCH.G) has no clock, timing propagation is disabled at the pin.
W: STA-3011: Clock pin 'AXI4_Interconnect_inst/M1_RDATA[26]/opit_0/G' (gopLATCH.G) has no clock, timing propagation is disabled at the pin.
W: STA-3011: Clock pin 'AXI4_Interconnect_inst/M1_RDATA[27]/opit_0/G' (gopLATCH.G) has no clock, timing propagation is disabled at the pin.
W: STA-3011: Clock pin 'AXI4_Interconnect_inst/M1_RDATA[28]/opit_0/G' (gopLATCH.G) has no clock, timing propagation is disabled at the pin.
W: STA-3011: Clock pin 'AXI4_Interconnect_inst/M1_RDATA[29]/opit_0/G' (gopLATCH.G) has no clock, timing propagation is disabled at the pin.
W: STA-3011: Clock pin 'AXI4_Interconnect_inst/M1_RDATA[30]/opit_0/G' (gopLATCH.G) has no clock, timing propagation is disabled at the pin.
W: STA-3011: Clock pin 'AXI4_Interconnect_inst/M1_RDATA[31]/opit_0/G' (gopLATCH.G) has no clock, timing propagation is disabled at the pin.
W: STA-3011: Clock pin 'AXI4_Interconnect_inst/M1_RDATA[32]/opit_0/G' (gopLATCH.G) has no clock, timing propagation is disabled at the pin.
W: STA-3011: Clock pin 'AXI4_Interconnect_inst/M1_RDATA[33]/opit_0/G' (gopLATCH.G) has no clock, timing propagation is disabled at the pin.
W: STA-3011: Clock pin 'AXI4_Interconnect_inst/M1_RDATA[34]/opit_0/G' (gopLATCH.G) has no clock, timing propagation is disabled at the pin.
W: STA-3011: Clock pin 'AXI4_Interconnect_inst/M1_RDATA[35]/opit_0/G' (gopLATCH.G) has no clock, timing propagation is disabled at the pin.
W: STA-3011: Clock pin 'AXI4_Interconnect_inst/M1_RDATA[36]/opit_0/G' (gopLATCH.G) has no clock, timing propagation is disabled at the pin.
W: STA-3011: Clock pin 'AXI4_Interconnect_inst/M1_RDATA[37]/opit_0/G' (gopLATCH.G) has no clock, timing propagation is disabled at the pin.
W: STA-3011: Clock pin 'AXI4_Interconnect_inst/M1_RDATA[38]/opit_0/G' (gopLATCH.G) has no clock, timing propagation is disabled at the pin.
W: STA-3011: Clock pin 'AXI4_Interconnect_inst/M1_RDATA[39]/opit_0/G' (gopLATCH.G) has no clock, timing propagation is disabled at the pin.
W: STA-3011: Clock pin 'AXI4_Interconnect_inst/M1_RDATA[40]/opit_0/G' (gopLATCH.G) has no clock, timing propagation is disabled at the pin.
W: STA-3011: Clock pin 'AXI4_Interconnect_inst/M1_RDATA[41]/opit_0/G' (gopLATCH.G) has no clock, timing propagation is disabled at the pin.
W: STA-3011: Clock pin 'AXI4_Interconnect_inst/M1_RDATA[42]/opit_0/G' (gopLATCH.G) has no clock, timing propagation is disabled at the pin.
W: STA-3011: Clock pin 'AXI4_Interconnect_inst/M1_RDATA[43]/opit_0/G' (gopLATCH.G) has no clock, timing propagation is disabled at the pin.
W: STA-3011: Clock pin 'AXI4_Interconnect_inst/M1_RDATA[44]/opit_0/G' (gopLATCH.G) has no clock, timing propagation is disabled at the pin.
W: STA-3011: Clock pin 'AXI4_Interconnect_inst/M1_RDATA[45]/opit_0/G' (gopLATCH.G) has no clock, timing propagation is disabled at the pin.
W: STA-3011: Clock pin 'AXI4_Interconnect_inst/M1_RDATA[46]/opit_0/G' (gopLATCH.G) has no clock, timing propagation is disabled at the pin.
W: STA-3011: Clock pin 'AXI4_Interconnect_inst/M1_RDATA[47]/opit_0/G' (gopLATCH.G) has no clock, timing propagation is disabled at the pin.
W: STA-3011: Clock pin 'AXI4_Interconnect_inst/M1_RDATA[48]/opit_0/G' (gopLATCH.G) has no clock, timing propagation is disabled at the pin.
W: STA-3011: Clock pin 'AXI4_Interconnect_inst/M1_RDATA[49]/opit_0/G' (gopLATCH.G) has no clock, timing propagation is disabled at the pin.
W: STA-3011: Clock pin 'AXI4_Interconnect_inst/M1_RDATA[50]/opit_0/G' (gopLATCH.G) has no clock, timing propagation is disabled at the pin.
W: STA-3011: Clock pin 'AXI4_Interconnect_inst/M1_RDATA[51]/opit_0/G' (gopLATCH.G) has no clock, timing propagation is disabled at the pin.
W: STA-3011: Clock pin 'AXI4_Interconnect_inst/M1_RDATA[52]/opit_0/G' (gopLATCH.G) has no clock, timing propagation is disabled at the pin.
W: STA-3011: Clock pin 'AXI4_Interconnect_inst/M1_RDATA[53]/opit_0/G' (gopLATCH.G) has no clock, timing propagation is disabled at the pin.
W: STA-3011: Clock pin 'AXI4_Interconnect_inst/M1_RDATA[54]/opit_0/G' (gopLATCH.G) has no clock, timing propagation is disabled at the pin.
W: STA-3011: Clock pin 'AXI4_Interconnect_inst/M1_RDATA[55]/opit_0/G' (gopLATCH.G) has no clock, timing propagation is disabled at the pin.
W: STA-3011: Clock pin 'AXI4_Interconnect_inst/M1_RDATA[56]/opit_0/G' (gopLATCH.G) has no clock, timing propagation is disabled at the pin.
W: STA-3011: Clock pin 'AXI4_Interconnect_inst/M1_RDATA[57]/opit_0/G' (gopLATCH.G) has no clock, timing propagation is disabled at the pin.
W: STA-3011: Clock pin 'AXI4_Interconnect_inst/M1_RDATA[58]/opit_0/G' (gopLATCH.G) has no clock, timing propagation is disabled at the pin.
W: STA-3011: Clock pin 'AXI4_Interconnect_inst/M1_RDATA[59]/opit_0/G' (gopLATCH.G) has no clock, timing propagation is disabled at the pin.
W: STA-3011: Clock pin 'AXI4_Interconnect_inst/M1_RDATA[60]/opit_0/G' (gopLATCH.G) has no clock, timing propagation is disabled at the pin.
W: STA-3011: Clock pin 'AXI4_Interconnect_inst/M1_RDATA[61]/opit_0/G' (gopLATCH.G) has no clock, timing propagation is disabled at the pin.
W: STA-3011: Clock pin 'AXI4_Interconnect_inst/M1_RDATA[62]/opit_0/G' (gopLATCH.G) has no clock, timing propagation is disabled at the pin.
W: STA-3011: Clock pin 'AXI4_Interconnect_inst/M1_RDATA[63]/opit_0/G' (gopLATCH.G) has no clock, timing propagation is disabled at the pin.
W: STA-3011: Clock pin 'AXI4_Interconnect_inst/M1_RDATA[64]/opit_0/G' (gopLATCH.G) has no clock, timing propagation is disabled at the pin.
W: STA-3011: Clock pin 'AXI4_Interconnect_inst/M1_RDATA[65]/opit_0/G' (gopLATCH.G) has no clock, timing propagation is disabled at the pin.
W: STA-3011: Clock pin 'AXI4_Interconnect_inst/M1_RDATA[66]/opit_0/G' (gopLATCH.G) has no clock, timing propagation is disabled at the pin.
W: STA-3011: Clock pin 'AXI4_Interconnect_inst/M1_RDATA[67]/opit_0/G' (gopLATCH.G) has no clock, timing propagation is disabled at the pin.
W: STA-3011: Clock pin 'AXI4_Interconnect_inst/M1_RDATA[68]/opit_0/G' (gopLATCH.G) has no clock, timing propagation is disabled at the pin.
W: STA-3011: Clock pin 'AXI4_Interconnect_inst/M1_RDATA[69]/opit_0/G' (gopLATCH.G) has no clock, timing propagation is disabled at the pin.
W: STA-3011: Clock pin 'AXI4_Interconnect_inst/M1_RDATA[70]/opit_0/G' (gopLATCH.G) has no clock, timing propagation is disabled at the pin.
W: STA-3011: Clock pin 'AXI4_Interconnect_inst/M1_RDATA[71]/opit_0/G' (gopLATCH.G) has no clock, timing propagation is disabled at the pin.
W: STA-3011: Clock pin 'AXI4_Interconnect_inst/M1_RDATA[72]/opit_0/G' (gopLATCH.G) has no clock, timing propagation is disabled at the pin.
W: STA-3011: Clock pin 'AXI4_Interconnect_inst/M1_RDATA[73]/opit_0/G' (gopLATCH.G) has no clock, timing propagation is disabled at the pin.
W: STA-3011: Clock pin 'AXI4_Interconnect_inst/M1_RDATA[74]/opit_0/G' (gopLATCH.G) has no clock, timing propagation is disabled at the pin.
W: STA-3011: Clock pin 'AXI4_Interconnect_inst/M1_RDATA[75]/opit_0/G' (gopLATCH.G) has no clock, timing propagation is disabled at the pin.
W: STA-3011: Clock pin 'AXI4_Interconnect_inst/M1_RDATA[76]/opit_0/G' (gopLATCH.G) has no clock, timing propagation is disabled at the pin.
W: STA-3011: Clock pin 'AXI4_Interconnect_inst/M1_RDATA[77]/opit_0/G' (gopLATCH.G) has no clock, timing propagation is disabled at the pin.
W: STA-3011: Clock pin 'AXI4_Interconnect_inst/M1_RDATA[78]/opit_0/G' (gopLATCH.G) has no clock, timing propagation is disabled at the pin.
W: STA-3011: Clock pin 'AXI4_Interconnect_inst/M1_RDATA[79]/opit_0/G' (gopLATCH.G) has no clock, timing propagation is disabled at the pin.
W: STA-3011: Clock pin 'AXI4_Interconnect_inst/M1_RDATA[80]/opit_0/G' (gopLATCH.G) has no clock, timing propagation is disabled at the pin.
W: STA-3011: Clock pin 'AXI4_Interconnect_inst/M1_RDATA[81]/opit_0/G' (gopLATCH.G) has no clock, timing propagation is disabled at the pin.
W: STA-3011: Clock pin 'AXI4_Interconnect_inst/M1_RDATA[82]/opit_0/G' (gopLATCH.G) has no clock, timing propagation is disabled at the pin.
W: STA-3011: Clock pin 'AXI4_Interconnect_inst/M1_RDATA[83]/opit_0/G' (gopLATCH.G) has no clock, timing propagation is disabled at the pin.
W: STA-3011: Clock pin 'AXI4_Interconnect_inst/M1_RDATA[84]/opit_0/G' (gopLATCH.G) has no clock, timing propagation is disabled at the pin.
W: STA-3011: Clock pin 'AXI4_Interconnect_inst/M1_RDATA[85]/opit_0/G' (gopLATCH.G) has no clock, timing propagation is disabled at the pin.
W: STA-3011: Clock pin 'AXI4_Interconnect_inst/M1_RDATA[86]/opit_0/G' (gopLATCH.G) has no clock, timing propagation is disabled at the pin.
W: STA-3011: Clock pin 'AXI4_Interconnect_inst/M1_RDATA[87]/opit_0/G' (gopLATCH.G) has no clock, timing propagation is disabled at the pin.
W: STA-3011: Clock pin 'AXI4_Interconnect_inst/M1_RDATA[88]/opit_0/G' (gopLATCH.G) has no clock, timing propagation is disabled at the pin.
W: STA-3011: Clock pin 'AXI4_Interconnect_inst/M1_RDATA[89]/opit_0/G' (gopLATCH.G) has no clock, timing propagation is disabled at the pin.
W: STA-3011: Clock pin 'AXI4_Interconnect_inst/M1_RDATA[90]/opit_0/G' (gopLATCH.G) has no clock, timing propagation is disabled at the pin.
W: STA-3011: Clock pin 'AXI4_Interconnect_inst/M1_RDATA[91]/opit_0/G' (gopLATCH.G) has no clock, timing propagation is disabled at the pin.
W: STA-3011: Clock pin 'AXI4_Interconnect_inst/M1_RDATA[92]/opit_0/G' (gopLATCH.G) has no clock, timing propagation is disabled at the pin.
W: STA-3011: Clock pin 'AXI4_Interconnect_inst/M1_RDATA[93]/opit_0/G' (gopLATCH.G) has no clock, timing propagation is disabled at the pin.
W: STA-3011: Clock pin 'AXI4_Interconnect_inst/M1_RDATA[94]/opit_0/G' (gopLATCH.G) has no clock, timing propagation is disabled at the pin.
W: STA-3011: Clock pin 'AXI4_Interconnect_inst/M1_RDATA[95]/opit_0/G' (gopLATCH.G) has no clock, timing propagation is disabled at the pin.
W: STA-3011: Clock pin 'AXI4_Interconnect_inst/M1_RDATA[96]/opit_0/G' (gopLATCH.G) has no clock, timing propagation is disabled at the pin.
W: STA-3011: Clock pin 'AXI4_Interconnect_inst/M1_RDATA[97]/opit_0/G' (gopLATCH.G) has no clock, timing propagation is disabled at the pin.
W: STA-3011: Clock pin 'AXI4_Interconnect_inst/M1_RDATA[98]/opit_0/G' (gopLATCH.G) has no clock, timing propagation is disabled at the pin.
W: STA-3011: Clock pin 'AXI4_Interconnect_inst/M1_RDATA[99]/opit_0/G' (gopLATCH.G) has no clock, timing propagation is disabled at the pin.
W: STA-3011: Clock pin 'AXI4_Interconnect_inst/M1_RDATA[100]/opit_0/G' (gopLATCH.G) has no clock, timing propagation is disabled at the pin.
W: STA-3011: Clock pin 'AXI4_Interconnect_inst/M1_RDATA[101]/opit_0/G' (gopLATCH.G) has no clock, timing propagation is disabled at the pin.
W: STA-3011: Clock pin 'AXI4_Interconnect_inst/M1_RDATA[102]/opit_0/G' (gopLATCH.G) has no clock, timing propagation is disabled at the pin.
W: STA-3011: Clock pin 'AXI4_Interconnect_inst/M1_RDATA[103]/opit_0/G' (gopLATCH.G) has no clock, timing propagation is disabled at the pin.
W: STA-3011: Clock pin 'AXI4_Interconnect_inst/M1_RDATA[104]/opit_0/G' (gopLATCH.G) has no clock, timing propagation is disabled at the pin.
W: STA-3011: Clock pin 'AXI4_Interconnect_inst/M1_RDATA[105]/opit_0/G' (gopLATCH.G) has no clock, timing propagation is disabled at the pin.
W: STA-3011: Clock pin 'AXI4_Interconnect_inst/M1_RDATA[106]/opit_0/G' (gopLATCH.G) has no clock, timing propagation is disabled at the pin.
W: STA-3011: Clock pin 'AXI4_Interconnect_inst/M1_RDATA[107]/opit_0/G' (gopLATCH.G) has no clock, timing propagation is disabled at the pin.
W: STA-3011: Clock pin 'AXI4_Interconnect_inst/M1_RDATA[108]/opit_0/G' (gopLATCH.G) has no clock, timing propagation is disabled at the pin.
W: STA-3011: Clock pin 'AXI4_Interconnect_inst/M1_RDATA[109]/opit_0/G' (gopLATCH.G) has no clock, timing propagation is disabled at the pin.
W: STA-3011: Clock pin 'AXI4_Interconnect_inst/M1_RDATA[110]/opit_0/G' (gopLATCH.G) has no clock, timing propagation is disabled at the pin.
W: STA-3011: Clock pin 'AXI4_Interconnect_inst/M1_RDATA[111]/opit_0/G' (gopLATCH.G) has no clock, timing propagation is disabled at the pin.
W: STA-3011: Clock pin 'AXI4_Interconnect_inst/M1_RDATA[112]/opit_0/G' (gopLATCH.G) has no clock, timing propagation is disabled at the pin.
W: STA-3011: Clock pin 'AXI4_Interconnect_inst/M1_RDATA[113]/opit_0/G' (gopLATCH.G) has no clock, timing propagation is disabled at the pin.
W: STA-3011: Clock pin 'AXI4_Interconnect_inst/M1_RDATA[114]/opit_0/G' (gopLATCH.G) has no clock, timing propagation is disabled at the pin.
W: STA-3011: Clock pin 'AXI4_Interconnect_inst/M1_RDATA[115]/opit_0/G' (gopLATCH.G) has no clock, timing propagation is disabled at the pin.
W: STA-3011: Clock pin 'AXI4_Interconnect_inst/M1_RDATA[116]/opit_0/G' (gopLATCH.G) has no clock, timing propagation is disabled at the pin.
W: STA-3011: Clock pin 'AXI4_Interconnect_inst/M1_RDATA[117]/opit_0/G' (gopLATCH.G) has no clock, timing propagation is disabled at the pin.
W: STA-3011: Clock pin 'AXI4_Interconnect_inst/M1_RDATA[118]/opit_0/G' (gopLATCH.G) has no clock, timing propagation is disabled at the pin.
W: STA-3011: Clock pin 'AXI4_Interconnect_inst/M1_RDATA[119]/opit_0/G' (gopLATCH.G) has no clock, timing propagation is disabled at the pin.
W: STA-3011: Clock pin 'AXI4_Interconnect_inst/M1_RDATA[120]/opit_0/G' (gopLATCH.G) has no clock, timing propagation is disabled at the pin.
W: STA-3011: Clock pin 'AXI4_Interconnect_inst/M1_RDATA[121]/opit_0/G' (gopLATCH.G) has no clock, timing propagation is disabled at the pin.
W: STA-3011: Clock pin 'AXI4_Interconnect_inst/M1_RDATA[122]/opit_0/G' (gopLATCH.G) has no clock, timing propagation is disabled at the pin.
W: STA-3011: Clock pin 'AXI4_Interconnect_inst/M1_RDATA[123]/opit_0/G' (gopLATCH.G) has no clock, timing propagation is disabled at the pin.
W: STA-3011: Clock pin 'AXI4_Interconnect_inst/M1_RDATA[124]/opit_0/G' (gopLATCH.G) has no clock, timing propagation is disabled at the pin.
W: STA-3011: Clock pin 'AXI4_Interconnect_inst/M1_RDATA[125]/opit_0/G' (gopLATCH.G) has no clock, timing propagation is disabled at the pin.
W: STA-3011: Clock pin 'AXI4_Interconnect_inst/M1_RDATA[126]/opit_0/G' (gopLATCH.G) has no clock, timing propagation is disabled at the pin.
W: STA-3011: Clock pin 'AXI4_Interconnect_inst/M1_RDATA[127]/opit_0/G' (gopLATCH.G) has no clock, timing propagation is disabled at the pin.
W: STA-3011: Clock pin 'AXI4_Interconnect_inst/M1_RDATA[128]/opit_0/G' (gopLATCH.G) has no clock, timing propagation is disabled at the pin.
W: STA-3011: Clock pin 'AXI4_Interconnect_inst/M1_RDATA[129]/opit_0/G' (gopLATCH.G) has no clock, timing propagation is disabled at the pin.
W: STA-3011: Clock pin 'AXI4_Interconnect_inst/M1_RDATA[130]/opit_0/G' (gopLATCH.G) has no clock, timing propagation is disabled at the pin.
W: STA-3011: Clock pin 'AXI4_Interconnect_inst/M1_RDATA[131]/opit_0/G' (gopLATCH.G) has no clock, timing propagation is disabled at the pin.
W: STA-3011: Clock pin 'AXI4_Interconnect_inst/M1_RDATA[132]/opit_0/G' (gopLATCH.G) has no clock, timing propagation is disabled at the pin.
W: STA-3011: Clock pin 'AXI4_Interconnect_inst/M1_RDATA[133]/opit_0/G' (gopLATCH.G) has no clock, timing propagation is disabled at the pin.
W: STA-3011: Clock pin 'AXI4_Interconnect_inst/M1_RDATA[134]/opit_0/G' (gopLATCH.G) has no clock, timing propagation is disabled at the pin.
W: STA-3011: Clock pin 'AXI4_Interconnect_inst/M1_RDATA[135]/opit_0/G' (gopLATCH.G) has no clock, timing propagation is disabled at the pin.
W: STA-3011: Clock pin 'AXI4_Interconnect_inst/M1_RDATA[136]/opit_0/G' (gopLATCH.G) has no clock, timing propagation is disabled at the pin.
W: STA-3011: Clock pin 'AXI4_Interconnect_inst/M1_RDATA[137]/opit_0/G' (gopLATCH.G) has no clock, timing propagation is disabled at the pin.
W: STA-3011: Clock pin 'AXI4_Interconnect_inst/M1_RDATA[138]/opit_0/G' (gopLATCH.G) has no clock, timing propagation is disabled at the pin.
W: STA-3011: Clock pin 'AXI4_Interconnect_inst/M1_RDATA[139]/opit_0/G' (gopLATCH.G) has no clock, timing propagation is disabled at the pin.
W: STA-3011: Clock pin 'AXI4_Interconnect_inst/M1_RDATA[140]/opit_0/G' (gopLATCH.G) has no clock, timing propagation is disabled at the pin.
W: STA-3011: Clock pin 'AXI4_Interconnect_inst/M1_RDATA[141]/opit_0/G' (gopLATCH.G) has no clock, timing propagation is disabled at the pin.
W: STA-3011: Clock pin 'AXI4_Interconnect_inst/M1_RDATA[142]/opit_0/G' (gopLATCH.G) has no clock, timing propagation is disabled at the pin.
W: STA-3011: Clock pin 'AXI4_Interconnect_inst/M1_RDATA[143]/opit_0/G' (gopLATCH.G) has no clock, timing propagation is disabled at the pin.
W: STA-3011: Clock pin 'AXI4_Interconnect_inst/M1_RDATA[144]/opit_0/G' (gopLATCH.G) has no clock, timing propagation is disabled at the pin.
W: STA-3011: Clock pin 'AXI4_Interconnect_inst/M1_RDATA[145]/opit_0/G' (gopLATCH.G) has no clock, timing propagation is disabled at the pin.
W: STA-3011: Clock pin 'AXI4_Interconnect_inst/M1_RDATA[146]/opit_0/G' (gopLATCH.G) has no clock, timing propagation is disabled at the pin.
W: STA-3011: Clock pin 'AXI4_Interconnect_inst/M1_RDATA[147]/opit_0/G' (gopLATCH.G) has no clock, timing propagation is disabled at the pin.
W: STA-3011: Clock pin 'AXI4_Interconnect_inst/M1_RDATA[148]/opit_0/G' (gopLATCH.G) has no clock, timing propagation is disabled at the pin.
W: STA-3011: Clock pin 'AXI4_Interconnect_inst/M1_RDATA[149]/opit_0/G' (gopLATCH.G) has no clock, timing propagation is disabled at the pin.
W: STA-3011: Clock pin 'AXI4_Interconnect_inst/M1_RDATA[150]/opit_0/G' (gopLATCH.G) has no clock, timing propagation is disabled at the pin.
W: STA-3011: Clock pin 'AXI4_Interconnect_inst/M1_RDATA[151]/opit_0/G' (gopLATCH.G) has no clock, timing propagation is disabled at the pin.
W: STA-3011: Clock pin 'AXI4_Interconnect_inst/M1_RDATA[152]/opit_0/G' (gopLATCH.G) has no clock, timing propagation is disabled at the pin.
W: STA-3011: Clock pin 'AXI4_Interconnect_inst/M1_RDATA[153]/opit_0/G' (gopLATCH.G) has no clock, timing propagation is disabled at the pin.
W: STA-3011: Clock pin 'AXI4_Interconnect_inst/M1_RDATA[154]/opit_0/G' (gopLATCH.G) has no clock, timing propagation is disabled at the pin.
W: STA-3011: Clock pin 'AXI4_Interconnect_inst/M1_RDATA[155]/opit_0/G' (gopLATCH.G) has no clock, timing propagation is disabled at the pin.
W: STA-3011: Clock pin 'AXI4_Interconnect_inst/M1_RDATA[156]/opit_0/G' (gopLATCH.G) has no clock, timing propagation is disabled at the pin.
W: STA-3011: Clock pin 'AXI4_Interconnect_inst/M1_RDATA[157]/opit_0/G' (gopLATCH.G) has no clock, timing propagation is disabled at the pin.
W: STA-3011: Clock pin 'AXI4_Interconnect_inst/M1_RDATA[158]/opit_0/G' (gopLATCH.G) has no clock, timing propagation is disabled at the pin.
W: STA-3011: Clock pin 'AXI4_Interconnect_inst/M1_RDATA[159]/opit_0/G' (gopLATCH.G) has no clock, timing propagation is disabled at the pin.
W: STA-3011: Clock pin 'AXI4_Interconnect_inst/M1_RDATA[160]/opit_0/G' (gopLATCH.G) has no clock, timing propagation is disabled at the pin.
W: STA-3011: Clock pin 'AXI4_Interconnect_inst/M1_RDATA[161]/opit_0/G' (gopLATCH.G) has no clock, timing propagation is disabled at the pin.
W: STA-3011: Clock pin 'AXI4_Interconnect_inst/M1_RDATA[162]/opit_0/G' (gopLATCH.G) has no clock, timing propagation is disabled at the pin.
W: STA-3011: Clock pin 'AXI4_Interconnect_inst/M1_RDATA[163]/opit_0/G' (gopLATCH.G) has no clock, timing propagation is disabled at the pin.
W: STA-3011: Clock pin 'AXI4_Interconnect_inst/M1_RDATA[164]/opit_0/G' (gopLATCH.G) has no clock, timing propagation is disabled at the pin.
W: STA-3011: Clock pin 'AXI4_Interconnect_inst/M1_RDATA[165]/opit_0/G' (gopLATCH.G) has no clock, timing propagation is disabled at the pin.
W: STA-3011: Clock pin 'AXI4_Interconnect_inst/M1_RDATA[166]/opit_0/G' (gopLATCH.G) has no clock, timing propagation is disabled at the pin.
W: STA-3011: Clock pin 'AXI4_Interconnect_inst/M1_RDATA[167]/opit_0/G' (gopLATCH.G) has no clock, timing propagation is disabled at the pin.
W: STA-3011: Clock pin 'AXI4_Interconnect_inst/M1_RDATA[168]/opit_0/G' (gopLATCH.G) has no clock, timing propagation is disabled at the pin.
W: STA-3011: Clock pin 'AXI4_Interconnect_inst/M1_RDATA[169]/opit_0/G' (gopLATCH.G) has no clock, timing propagation is disabled at the pin.
W: STA-3011: Clock pin 'AXI4_Interconnect_inst/M1_RDATA[170]/opit_0/G' (gopLATCH.G) has no clock, timing propagation is disabled at the pin.
W: STA-3011: Clock pin 'AXI4_Interconnect_inst/M1_RDATA[171]/opit_0/G' (gopLATCH.G) has no clock, timing propagation is disabled at the pin.
W: STA-3011: Clock pin 'AXI4_Interconnect_inst/M1_RDATA[172]/opit_0/G' (gopLATCH.G) has no clock, timing propagation is disabled at the pin.
W: STA-3011: Clock pin 'AXI4_Interconnect_inst/M1_RDATA[173]/opit_0/G' (gopLATCH.G) has no clock, timing propagation is disabled at the pin.
W: STA-3011: Clock pin 'AXI4_Interconnect_inst/M1_RDATA[174]/opit_0/G' (gopLATCH.G) has no clock, timing propagation is disabled at the pin.
W: STA-3011: Clock pin 'AXI4_Interconnect_inst/M1_RDATA[175]/opit_0/G' (gopLATCH.G) has no clock, timing propagation is disabled at the pin.
W: STA-3011: Clock pin 'AXI4_Interconnect_inst/M1_RDATA[176]/opit_0/G' (gopLATCH.G) has no clock, timing propagation is disabled at the pin.
W: STA-3011: Clock pin 'AXI4_Interconnect_inst/M1_RDATA[177]/opit_0/G' (gopLATCH.G) has no clock, timing propagation is disabled at the pin.
W: STA-3011: Clock pin 'AXI4_Interconnect_inst/M1_RDATA[178]/opit_0/G' (gopLATCH.G) has no clock, timing propagation is disabled at the pin.
W: STA-3011: Clock pin 'AXI4_Interconnect_inst/M1_RDATA[179]/opit_0/G' (gopLATCH.G) has no clock, timing propagation is disabled at the pin.
W: STA-3011: Clock pin 'AXI4_Interconnect_inst/M1_RDATA[180]/opit_0/G' (gopLATCH.G) has no clock, timing propagation is disabled at the pin.
W: STA-3011: Clock pin 'AXI4_Interconnect_inst/M1_RDATA[181]/opit_0/G' (gopLATCH.G) has no clock, timing propagation is disabled at the pin.
W: STA-3011: Clock pin 'AXI4_Interconnect_inst/M1_RDATA[182]/opit_0/G' (gopLATCH.G) has no clock, timing propagation is disabled at the pin.
W: STA-3011: Clock pin 'AXI4_Interconnect_inst/M1_RDATA[183]/opit_0/G' (gopLATCH.G) has no clock, timing propagation is disabled at the pin.
W: STA-3011: Clock pin 'AXI4_Interconnect_inst/M1_RDATA[184]/opit_0/G' (gopLATCH.G) has no clock, timing propagation is disabled at the pin.
W: STA-3011: Clock pin 'AXI4_Interconnect_inst/M1_RDATA[185]/opit_0/G' (gopLATCH.G) has no clock, timing propagation is disabled at the pin.
W: STA-3011: Clock pin 'AXI4_Interconnect_inst/M1_RDATA[186]/opit_0/G' (gopLATCH.G) has no clock, timing propagation is disabled at the pin.
W: STA-3011: Clock pin 'AXI4_Interconnect_inst/M1_RDATA[187]/opit_0/G' (gopLATCH.G) has no clock, timing propagation is disabled at the pin.
W: STA-3011: Clock pin 'AXI4_Interconnect_inst/M1_RDATA[188]/opit_0/G' (gopLATCH.G) has no clock, timing propagation is disabled at the pin.
W: STA-3011: Clock pin 'AXI4_Interconnect_inst/M1_RDATA[189]/opit_0/G' (gopLATCH.G) has no clock, timing propagation is disabled at the pin.
W: STA-3011: Clock pin 'AXI4_Interconnect_inst/M1_RDATA[190]/opit_0/G' (gopLATCH.G) has no clock, timing propagation is disabled at the pin.
W: STA-3011: Clock pin 'AXI4_Interconnect_inst/M1_RDATA[191]/opit_0/G' (gopLATCH.G) has no clock, timing propagation is disabled at the pin.
W: STA-3011: Clock pin 'AXI4_Interconnect_inst/M1_RDATA[192]/opit_0/G' (gopLATCH.G) has no clock, timing propagation is disabled at the pin.
W: STA-3011: Clock pin 'AXI4_Interconnect_inst/M1_RDATA[193]/opit_0/G' (gopLATCH.G) has no clock, timing propagation is disabled at the pin.
W: STA-3011: Clock pin 'AXI4_Interconnect_inst/M1_RDATA[194]/opit_0/G' (gopLATCH.G) has no clock, timing propagation is disabled at the pin.
W: STA-3011: Clock pin 'AXI4_Interconnect_inst/M1_RDATA[195]/opit_0/G' (gopLATCH.G) has no clock, timing propagation is disabled at the pin.
W: STA-3011: Clock pin 'AXI4_Interconnect_inst/M1_RDATA[196]/opit_0/G' (gopLATCH.G) has no clock, timing propagation is disabled at the pin.
W: STA-3011: Clock pin 'AXI4_Interconnect_inst/M1_RDATA[197]/opit_0/G' (gopLATCH.G) has no clock, timing propagation is disabled at the pin.
W: STA-3011: Clock pin 'AXI4_Interconnect_inst/M1_RDATA[198]/opit_0/G' (gopLATCH.G) has no clock, timing propagation is disabled at the pin.
W: STA-3011: Clock pin 'AXI4_Interconnect_inst/M1_RDATA[199]/opit_0/G' (gopLATCH.G) has no clock, timing propagation is disabled at the pin.
W: STA-3011: Clock pin 'AXI4_Interconnect_inst/M1_RDATA[200]/opit_0/G' (gopLATCH.G) has no clock, timing propagation is disabled at the pin.
W: STA-3011: Clock pin 'AXI4_Interconnect_inst/M1_RDATA[201]/opit_0/G' (gopLATCH.G) has no clock, timing propagation is disabled at the pin.
W: STA-3011: Clock pin 'AXI4_Interconnect_inst/M1_RDATA[202]/opit_0/G' (gopLATCH.G) has no clock, timing propagation is disabled at the pin.
W: STA-3011: Clock pin 'AXI4_Interconnect_inst/M1_RDATA[203]/opit_0/G' (gopLATCH.G) has no clock, timing propagation is disabled at the pin.
W: STA-3011: Clock pin 'AXI4_Interconnect_inst/M1_RDATA[204]/opit_0/G' (gopLATCH.G) has no clock, timing propagation is disabled at the pin.
W: STA-3011: Clock pin 'AXI4_Interconnect_inst/M1_RDATA[205]/opit_0/G' (gopLATCH.G) has no clock, timing propagation is disabled at the pin.
W: STA-3011: Clock pin 'AXI4_Interconnect_inst/M1_RDATA[206]/opit_0/G' (gopLATCH.G) has no clock, timing propagation is disabled at the pin.
W: STA-3011: Clock pin 'AXI4_Interconnect_inst/M1_RDATA[207]/opit_0/G' (gopLATCH.G) has no clock, timing propagation is disabled at the pin.
W: STA-3011: Clock pin 'AXI4_Interconnect_inst/M1_RDATA[208]/opit_0/G' (gopLATCH.G) has no clock, timing propagation is disabled at the pin.
W: STA-3011: Clock pin 'AXI4_Interconnect_inst/M1_RDATA[209]/opit_0/G' (gopLATCH.G) has no clock, timing propagation is disabled at the pin.
W: STA-3011: Clock pin 'AXI4_Interconnect_inst/M1_RDATA[210]/opit_0/G' (gopLATCH.G) has no clock, timing propagation is disabled at the pin.
W: STA-3011: Clock pin 'AXI4_Interconnect_inst/M1_RDATA[211]/opit_0/G' (gopLATCH.G) has no clock, timing propagation is disabled at the pin.
W: STA-3011: Clock pin 'AXI4_Interconnect_inst/M1_RDATA[212]/opit_0/G' (gopLATCH.G) has no clock, timing propagation is disabled at the pin.
W: STA-3011: Clock pin 'AXI4_Interconnect_inst/M1_RDATA[213]/opit_0/G' (gopLATCH.G) has no clock, timing propagation is disabled at the pin.
W: STA-3011: Clock pin 'AXI4_Interconnect_inst/M1_RDATA[214]/opit_0/G' (gopLATCH.G) has no clock, timing propagation is disabled at the pin.
W: STA-3011: Clock pin 'AXI4_Interconnect_inst/M1_RDATA[215]/opit_0/G' (gopLATCH.G) has no clock, timing propagation is disabled at the pin.
W: STA-3011: Clock pin 'AXI4_Interconnect_inst/M1_RDATA[216]/opit_0/G' (gopLATCH.G) has no clock, timing propagation is disabled at the pin.
W: STA-3011: Clock pin 'AXI4_Interconnect_inst/M1_RDATA[217]/opit_0/G' (gopLATCH.G) has no clock, timing propagation is disabled at the pin.
W: STA-3011: Clock pin 'AXI4_Interconnect_inst/M1_RDATA[218]/opit_0/G' (gopLATCH.G) has no clock, timing propagation is disabled at the pin.
W: STA-3011: Clock pin 'AXI4_Interconnect_inst/M1_RDATA[219]/opit_0/G' (gopLATCH.G) has no clock, timing propagation is disabled at the pin.
W: STA-3011: Clock pin 'AXI4_Interconnect_inst/M1_RDATA[220]/opit_0/G' (gopLATCH.G) has no clock, timing propagation is disabled at the pin.
W: STA-3011: Clock pin 'AXI4_Interconnect_inst/M1_RDATA[221]/opit_0/G' (gopLATCH.G) has no clock, timing propagation is disabled at the pin.
W: STA-3011: Clock pin 'AXI4_Interconnect_inst/M1_RDATA[222]/opit_0/G' (gopLATCH.G) has no clock, timing propagation is disabled at the pin.
W: STA-3011: Clock pin 'AXI4_Interconnect_inst/M1_RDATA[223]/opit_0/G' (gopLATCH.G) has no clock, timing propagation is disabled at the pin.
W: STA-3011: Clock pin 'AXI4_Interconnect_inst/M1_RDATA[224]/opit_0/G' (gopLATCH.G) has no clock, timing propagation is disabled at the pin.
W: STA-3011: Clock pin 'AXI4_Interconnect_inst/M1_RDATA[225]/opit_0/G' (gopLATCH.G) has no clock, timing propagation is disabled at the pin.
W: STA-3011: Clock pin 'AXI4_Interconnect_inst/M1_RDATA[226]/opit_0/G' (gopLATCH.G) has no clock, timing propagation is disabled at the pin.
W: STA-3011: Clock pin 'AXI4_Interconnect_inst/M1_RDATA[227]/opit_0/G' (gopLATCH.G) has no clock, timing propagation is disabled at the pin.
W: STA-3011: Clock pin 'AXI4_Interconnect_inst/M1_RDATA[228]/opit_0/G' (gopLATCH.G) has no clock, timing propagation is disabled at the pin.
W: STA-3011: Clock pin 'AXI4_Interconnect_inst/M1_RDATA[229]/opit_0/G' (gopLATCH.G) has no clock, timing propagation is disabled at the pin.
W: STA-3011: Clock pin 'AXI4_Interconnect_inst/M1_RDATA[230]/opit_0/G' (gopLATCH.G) has no clock, timing propagation is disabled at the pin.
W: STA-3011: Clock pin 'AXI4_Interconnect_inst/M1_RDATA[231]/opit_0/G' (gopLATCH.G) has no clock, timing propagation is disabled at the pin.
W: STA-3011: Clock pin 'AXI4_Interconnect_inst/M1_RDATA[232]/opit_0/G' (gopLATCH.G) has no clock, timing propagation is disabled at the pin.
W: STA-3011: Clock pin 'AXI4_Interconnect_inst/M1_RDATA[233]/opit_0/G' (gopLATCH.G) has no clock, timing propagation is disabled at the pin.
W: STA-3011: Clock pin 'AXI4_Interconnect_inst/M1_RDATA[234]/opit_0/G' (gopLATCH.G) has no clock, timing propagation is disabled at the pin.
W: STA-3011: Clock pin 'AXI4_Interconnect_inst/M1_RDATA[235]/opit_0/G' (gopLATCH.G) has no clock, timing propagation is disabled at the pin.
W: STA-3011: Clock pin 'AXI4_Interconnect_inst/M1_RDATA[236]/opit_0/G' (gopLATCH.G) has no clock, timing propagation is disabled at the pin.
W: STA-3011: Clock pin 'AXI4_Interconnect_inst/M1_RDATA[237]/opit_0/G' (gopLATCH.G) has no clock, timing propagation is disabled at the pin.
W: STA-3011: Clock pin 'AXI4_Interconnect_inst/M1_RDATA[238]/opit_0/G' (gopLATCH.G) has no clock, timing propagation is disabled at the pin.
W: STA-3011: Clock pin 'AXI4_Interconnect_inst/M1_RDATA[239]/opit_0/G' (gopLATCH.G) has no clock, timing propagation is disabled at the pin.
W: STA-3011: Clock pin 'AXI4_Interconnect_inst/M1_RDATA[240]/opit_0/G' (gopLATCH.G) has no clock, timing propagation is disabled at the pin.
W: STA-3011: Clock pin 'AXI4_Interconnect_inst/M1_RDATA[241]/opit_0/G' (gopLATCH.G) has no clock, timing propagation is disabled at the pin.
W: STA-3011: Clock pin 'AXI4_Interconnect_inst/M1_RDATA[242]/opit_0/G' (gopLATCH.G) has no clock, timing propagation is disabled at the pin.
W: STA-3011: Clock pin 'AXI4_Interconnect_inst/M1_RDATA[243]/opit_0/G' (gopLATCH.G) has no clock, timing propagation is disabled at the pin.
W: STA-3011: Clock pin 'AXI4_Interconnect_inst/M1_RDATA[244]/opit_0/G' (gopLATCH.G) has no clock, timing propagation is disabled at the pin.
W: STA-3011: Clock pin 'AXI4_Interconnect_inst/M1_RDATA[245]/opit_0/G' (gopLATCH.G) has no clock, timing propagation is disabled at the pin.
W: STA-3011: Clock pin 'AXI4_Interconnect_inst/M1_RDATA[246]/opit_0/G' (gopLATCH.G) has no clock, timing propagation is disabled at the pin.
W: STA-3011: Clock pin 'AXI4_Interconnect_inst/M1_RDATA[247]/opit_0/G' (gopLATCH.G) has no clock, timing propagation is disabled at the pin.
W: STA-3011: Clock pin 'AXI4_Interconnect_inst/M1_RDATA[248]/opit_0/G' (gopLATCH.G) has no clock, timing propagation is disabled at the pin.
W: STA-3011: Clock pin 'AXI4_Interconnect_inst/M1_RDATA[249]/opit_0/G' (gopLATCH.G) has no clock, timing propagation is disabled at the pin.
W: STA-3011: Clock pin 'AXI4_Interconnect_inst/M1_RDATA[250]/opit_0/G' (gopLATCH.G) has no clock, timing propagation is disabled at the pin.
W: STA-3011: Clock pin 'AXI4_Interconnect_inst/M1_RDATA[251]/opit_0/G' (gopLATCH.G) has no clock, timing propagation is disabled at the pin.
W: STA-3011: Clock pin 'AXI4_Interconnect_inst/M1_RDATA[252]/opit_0/G' (gopLATCH.G) has no clock, timing propagation is disabled at the pin.
W: STA-3011: Clock pin 'AXI4_Interconnect_inst/M1_RDATA[253]/opit_0/G' (gopLATCH.G) has no clock, timing propagation is disabled at the pin.
W: STA-3011: Clock pin 'AXI4_Interconnect_inst/M1_RDATA[254]/opit_0/G' (gopLATCH.G) has no clock, timing propagation is disabled at the pin.
W: STA-3011: Clock pin 'AXI4_Interconnect_inst/M1_RDATA[255]/opit_0/G' (gopLATCH.G) has no clock, timing propagation is disabled at the pin.
W: STA-3011: Clock pin 'AXI4_Interconnect_inst/M1_RVALID[0]/opit_0/G' (gopLATCH.G) has no clock, timing propagation is disabled at the pin.
W: STA-3011: Clock pin 'AXI4_Interconnect_inst/M2_ARREADY[0]/opit_0/G' (gopLATCH.G) has no clock, timing propagation is disabled at the pin.
W: STA-3011: Clock pin 'AXI4_Interconnect_inst/M2_RDATA[0]/opit_0/G' (gopLATCH.G) has no clock, timing propagation is disabled at the pin.
W: STA-3011: Clock pin 'AXI4_Interconnect_inst/M2_RDATA[1]/opit_0/G' (gopLATCH.G) has no clock, timing propagation is disabled at the pin.
W: STA-3011: Clock pin 'AXI4_Interconnect_inst/M2_RDATA[2]/opit_0/G' (gopLATCH.G) has no clock, timing propagation is disabled at the pin.
W: STA-3011: Clock pin 'AXI4_Interconnect_inst/M2_RDATA[3]/opit_0/G' (gopLATCH.G) has no clock, timing propagation is disabled at the pin.
W: STA-3011: Clock pin 'AXI4_Interconnect_inst/M2_RDATA[4]/opit_0/G' (gopLATCH.G) has no clock, timing propagation is disabled at the pin.
W: STA-3011: Clock pin 'AXI4_Interconnect_inst/M2_RDATA[5]/opit_0/G' (gopLATCH.G) has no clock, timing propagation is disabled at the pin.
W: STA-3011: Clock pin 'AXI4_Interconnect_inst/M2_RDATA[6]/opit_0/G' (gopLATCH.G) has no clock, timing propagation is disabled at the pin.
W: STA-3011: Clock pin 'AXI4_Interconnect_inst/M2_RDATA[7]/opit_0/G' (gopLATCH.G) has no clock, timing propagation is disabled at the pin.
W: STA-3011: Clock pin 'AXI4_Interconnect_inst/M2_RDATA[8]/opit_0/G' (gopLATCH.G) has no clock, timing propagation is disabled at the pin.
W: STA-3011: Clock pin 'AXI4_Interconnect_inst/M2_RDATA[9]/opit_0/G' (gopLATCH.G) has no clock, timing propagation is disabled at the pin.
W: STA-3011: Clock pin 'AXI4_Interconnect_inst/M2_RDATA[10]/opit_0/G' (gopLATCH.G) has no clock, timing propagation is disabled at the pin.
W: STA-3011: Clock pin 'AXI4_Interconnect_inst/M2_RDATA[11]/opit_0/G' (gopLATCH.G) has no clock, timing propagation is disabled at the pin.
W: STA-3011: Clock pin 'AXI4_Interconnect_inst/M2_RDATA[12]/opit_0/G' (gopLATCH.G) has no clock, timing propagation is disabled at the pin.
W: STA-3011: Clock pin 'AXI4_Interconnect_inst/M2_RDATA[13]/opit_0/G' (gopLATCH.G) has no clock, timing propagation is disabled at the pin.
W: STA-3011: Clock pin 'AXI4_Interconnect_inst/M2_RDATA[14]/opit_0/G' (gopLATCH.G) has no clock, timing propagation is disabled at the pin.
W: STA-3011: Clock pin 'AXI4_Interconnect_inst/M2_RDATA[15]/opit_0/G' (gopLATCH.G) has no clock, timing propagation is disabled at the pin.
W: STA-3011: Clock pin 'AXI4_Interconnect_inst/M2_RDATA[16]/opit_0/G' (gopLATCH.G) has no clock, timing propagation is disabled at the pin.
W: STA-3011: Clock pin 'AXI4_Interconnect_inst/M2_RDATA[17]/opit_0/G' (gopLATCH.G) has no clock, timing propagation is disabled at the pin.
W: STA-3011: Clock pin 'AXI4_Interconnect_inst/M2_RDATA[18]/opit_0/G' (gopLATCH.G) has no clock, timing propagation is disabled at the pin.
W: STA-3011: Clock pin 'AXI4_Interconnect_inst/M2_RDATA[19]/opit_0/G' (gopLATCH.G) has no clock, timing propagation is disabled at the pin.
W: STA-3011: Clock pin 'AXI4_Interconnect_inst/M2_RDATA[20]/opit_0/G' (gopLATCH.G) has no clock, timing propagation is disabled at the pin.
W: STA-3011: Clock pin 'AXI4_Interconnect_inst/M2_RDATA[21]/opit_0/G' (gopLATCH.G) has no clock, timing propagation is disabled at the pin.
W: STA-3011: Clock pin 'AXI4_Interconnect_inst/M2_RDATA[22]/opit_0/G' (gopLATCH.G) has no clock, timing propagation is disabled at the pin.
W: STA-3011: Clock pin 'AXI4_Interconnect_inst/M2_RDATA[23]/opit_0/G' (gopLATCH.G) has no clock, timing propagation is disabled at the pin.
W: STA-3011: Clock pin 'AXI4_Interconnect_inst/M2_RDATA[24]/opit_0/G' (gopLATCH.G) has no clock, timing propagation is disabled at the pin.
W: STA-3011: Clock pin 'AXI4_Interconnect_inst/M2_RDATA[25]/opit_0/G' (gopLATCH.G) has no clock, timing propagation is disabled at the pin.
W: STA-3011: Clock pin 'AXI4_Interconnect_inst/M2_RDATA[26]/opit_0/G' (gopLATCH.G) has no clock, timing propagation is disabled at the pin.
W: STA-3011: Clock pin 'AXI4_Interconnect_inst/M2_RDATA[27]/opit_0/G' (gopLATCH.G) has no clock, timing propagation is disabled at the pin.
W: STA-3011: Clock pin 'AXI4_Interconnect_inst/M2_RDATA[28]/opit_0/G' (gopLATCH.G) has no clock, timing propagation is disabled at the pin.
W: STA-3011: Clock pin 'AXI4_Interconnect_inst/M2_RDATA[29]/opit_0/G' (gopLATCH.G) has no clock, timing propagation is disabled at the pin.
W: STA-3011: Clock pin 'AXI4_Interconnect_inst/M2_RDATA[30]/opit_0/G' (gopLATCH.G) has no clock, timing propagation is disabled at the pin.
W: STA-3011: Clock pin 'AXI4_Interconnect_inst/M2_RDATA[31]/opit_0/G' (gopLATCH.G) has no clock, timing propagation is disabled at the pin.
W: STA-3011: Clock pin 'AXI4_Interconnect_inst/M2_RDATA[32]/opit_0/G' (gopLATCH.G) has no clock, timing propagation is disabled at the pin.
W: STA-3011: Clock pin 'AXI4_Interconnect_inst/M2_RDATA[33]/opit_0/G' (gopLATCH.G) has no clock, timing propagation is disabled at the pin.
W: STA-3011: Clock pin 'AXI4_Interconnect_inst/M2_RDATA[34]/opit_0/G' (gopLATCH.G) has no clock, timing propagation is disabled at the pin.
W: STA-3011: Clock pin 'AXI4_Interconnect_inst/M2_RDATA[35]/opit_0/G' (gopLATCH.G) has no clock, timing propagation is disabled at the pin.
W: STA-3011: Clock pin 'AXI4_Interconnect_inst/M2_RDATA[36]/opit_0/G' (gopLATCH.G) has no clock, timing propagation is disabled at the pin.
W: STA-3011: Clock pin 'AXI4_Interconnect_inst/M2_RDATA[37]/opit_0/G' (gopLATCH.G) has no clock, timing propagation is disabled at the pin.
W: STA-3011: Clock pin 'AXI4_Interconnect_inst/M2_RDATA[38]/opit_0/G' (gopLATCH.G) has no clock, timing propagation is disabled at the pin.
W: STA-3011: Clock pin 'AXI4_Interconnect_inst/M2_RDATA[39]/opit_0/G' (gopLATCH.G) has no clock, timing propagation is disabled at the pin.
W: STA-3011: Clock pin 'AXI4_Interconnect_inst/M2_RDATA[40]/opit_0/G' (gopLATCH.G) has no clock, timing propagation is disabled at the pin.
W: STA-3011: Clock pin 'AXI4_Interconnect_inst/M2_RDATA[41]/opit_0/G' (gopLATCH.G) has no clock, timing propagation is disabled at the pin.
W: STA-3011: Clock pin 'AXI4_Interconnect_inst/M2_RDATA[42]/opit_0/G' (gopLATCH.G) has no clock, timing propagation is disabled at the pin.
W: STA-3011: Clock pin 'AXI4_Interconnect_inst/M2_RDATA[43]/opit_0/G' (gopLATCH.G) has no clock, timing propagation is disabled at the pin.
W: STA-3011: Clock pin 'AXI4_Interconnect_inst/M2_RDATA[44]/opit_0/G' (gopLATCH.G) has no clock, timing propagation is disabled at the pin.
W: STA-3011: Clock pin 'AXI4_Interconnect_inst/M2_RDATA[45]/opit_0/G' (gopLATCH.G) has no clock, timing propagation is disabled at the pin.
W: STA-3011: Clock pin 'AXI4_Interconnect_inst/M2_RDATA[46]/opit_0/G' (gopLATCH.G) has no clock, timing propagation is disabled at the pin.
W: STA-3011: Clock pin 'AXI4_Interconnect_inst/M2_RDATA[47]/opit_0/G' (gopLATCH.G) has no clock, timing propagation is disabled at the pin.
W: STA-3011: Clock pin 'AXI4_Interconnect_inst/M2_RDATA[48]/opit_0/G' (gopLATCH.G) has no clock, timing propagation is disabled at the pin.
W: STA-3011: Clock pin 'AXI4_Interconnect_inst/M2_RDATA[49]/opit_0/G' (gopLATCH.G) has no clock, timing propagation is disabled at the pin.
W: STA-3011: Clock pin 'AXI4_Interconnect_inst/M2_RDATA[50]/opit_0/G' (gopLATCH.G) has no clock, timing propagation is disabled at the pin.
W: STA-3011: Clock pin 'AXI4_Interconnect_inst/M2_RDATA[51]/opit_0/G' (gopLATCH.G) has no clock, timing propagation is disabled at the pin.
W: STA-3011: Clock pin 'AXI4_Interconnect_inst/M2_RDATA[52]/opit_0/G' (gopLATCH.G) has no clock, timing propagation is disabled at the pin.
W: STA-3011: Clock pin 'AXI4_Interconnect_inst/M2_RDATA[53]/opit_0/G' (gopLATCH.G) has no clock, timing propagation is disabled at the pin.
W: STA-3011: Clock pin 'AXI4_Interconnect_inst/M2_RDATA[54]/opit_0/G' (gopLATCH.G) has no clock, timing propagation is disabled at the pin.
W: STA-3011: Clock pin 'AXI4_Interconnect_inst/M2_RDATA[55]/opit_0/G' (gopLATCH.G) has no clock, timing propagation is disabled at the pin.
W: STA-3011: Clock pin 'AXI4_Interconnect_inst/M2_RDATA[56]/opit_0/G' (gopLATCH.G) has no clock, timing propagation is disabled at the pin.
W: STA-3011: Clock pin 'AXI4_Interconnect_inst/M2_RDATA[57]/opit_0/G' (gopLATCH.G) has no clock, timing propagation is disabled at the pin.
W: STA-3011: Clock pin 'AXI4_Interconnect_inst/M2_RDATA[58]/opit_0/G' (gopLATCH.G) has no clock, timing propagation is disabled at the pin.
W: STA-3011: Clock pin 'AXI4_Interconnect_inst/M2_RDATA[59]/opit_0/G' (gopLATCH.G) has no clock, timing propagation is disabled at the pin.
W: STA-3011: Clock pin 'AXI4_Interconnect_inst/M2_RDATA[60]/opit_0/G' (gopLATCH.G) has no clock, timing propagation is disabled at the pin.
W: STA-3011: Clock pin 'AXI4_Interconnect_inst/M2_RDATA[61]/opit_0/G' (gopLATCH.G) has no clock, timing propagation is disabled at the pin.
W: STA-3011: Clock pin 'AXI4_Interconnect_inst/M2_RDATA[62]/opit_0/G' (gopLATCH.G) has no clock, timing propagation is disabled at the pin.
W: STA-3011: Clock pin 'AXI4_Interconnect_inst/M2_RDATA[63]/opit_0/G' (gopLATCH.G) has no clock, timing propagation is disabled at the pin.
W: STA-3011: Clock pin 'AXI4_Interconnect_inst/M2_RDATA[64]/opit_0/G' (gopLATCH.G) has no clock, timing propagation is disabled at the pin.
W: STA-3011: Clock pin 'AXI4_Interconnect_inst/M2_RDATA[65]/opit_0/G' (gopLATCH.G) has no clock, timing propagation is disabled at the pin.
W: STA-3011: Clock pin 'AXI4_Interconnect_inst/M2_RDATA[66]/opit_0/G' (gopLATCH.G) has no clock, timing propagation is disabled at the pin.
W: STA-3011: Clock pin 'AXI4_Interconnect_inst/M2_RDATA[67]/opit_0/G' (gopLATCH.G) has no clock, timing propagation is disabled at the pin.
W: STA-3011: Clock pin 'AXI4_Interconnect_inst/M2_RDATA[68]/opit_0/G' (gopLATCH.G) has no clock, timing propagation is disabled at the pin.
W: STA-3011: Clock pin 'AXI4_Interconnect_inst/M2_RDATA[69]/opit_0/G' (gopLATCH.G) has no clock, timing propagation is disabled at the pin.
W: STA-3011: Clock pin 'AXI4_Interconnect_inst/M2_RDATA[70]/opit_0/G' (gopLATCH.G) has no clock, timing propagation is disabled at the pin.
W: STA-3011: Clock pin 'AXI4_Interconnect_inst/M2_RDATA[71]/opit_0/G' (gopLATCH.G) has no clock, timing propagation is disabled at the pin.
W: STA-3011: Clock pin 'AXI4_Interconnect_inst/M2_RDATA[72]/opit_0/G' (gopLATCH.G) has no clock, timing propagation is disabled at the pin.
W: STA-3011: Clock pin 'AXI4_Interconnect_inst/M2_RDATA[73]/opit_0/G' (gopLATCH.G) has no clock, timing propagation is disabled at the pin.
W: STA-3011: Clock pin 'AXI4_Interconnect_inst/M2_RDATA[74]/opit_0/G' (gopLATCH.G) has no clock, timing propagation is disabled at the pin.
W: STA-3011: Clock pin 'AXI4_Interconnect_inst/M2_RDATA[75]/opit_0/G' (gopLATCH.G) has no clock, timing propagation is disabled at the pin.
W: STA-3011: Clock pin 'AXI4_Interconnect_inst/M2_RDATA[76]/opit_0/G' (gopLATCH.G) has no clock, timing propagation is disabled at the pin.
W: STA-3011: Clock pin 'AXI4_Interconnect_inst/M2_RDATA[77]/opit_0/G' (gopLATCH.G) has no clock, timing propagation is disabled at the pin.
W: STA-3011: Clock pin 'AXI4_Interconnect_inst/M2_RDATA[78]/opit_0/G' (gopLATCH.G) has no clock, timing propagation is disabled at the pin.
W: STA-3011: Clock pin 'AXI4_Interconnect_inst/M2_RDATA[79]/opit_0/G' (gopLATCH.G) has no clock, timing propagation is disabled at the pin.
W: STA-3011: Clock pin 'AXI4_Interconnect_inst/M2_RDATA[80]/opit_0/G' (gopLATCH.G) has no clock, timing propagation is disabled at the pin.
W: STA-3011: Clock pin 'AXI4_Interconnect_inst/M2_RDATA[81]/opit_0/G' (gopLATCH.G) has no clock, timing propagation is disabled at the pin.
W: STA-3011: Clock pin 'AXI4_Interconnect_inst/M2_RDATA[82]/opit_0/G' (gopLATCH.G) has no clock, timing propagation is disabled at the pin.
W: STA-3011: Clock pin 'AXI4_Interconnect_inst/M2_RDATA[83]/opit_0/G' (gopLATCH.G) has no clock, timing propagation is disabled at the pin.
W: STA-3011: Clock pin 'AXI4_Interconnect_inst/M2_RDATA[84]/opit_0/G' (gopLATCH.G) has no clock, timing propagation is disabled at the pin.
W: STA-3011: Clock pin 'AXI4_Interconnect_inst/M2_RDATA[85]/opit_0/G' (gopLATCH.G) has no clock, timing propagation is disabled at the pin.
W: STA-3011: Clock pin 'AXI4_Interconnect_inst/M2_RDATA[86]/opit_0/G' (gopLATCH.G) has no clock, timing propagation is disabled at the pin.
W: STA-3011: Clock pin 'AXI4_Interconnect_inst/M2_RDATA[87]/opit_0/G' (gopLATCH.G) has no clock, timing propagation is disabled at the pin.
W: STA-3011: Clock pin 'AXI4_Interconnect_inst/M2_RDATA[88]/opit_0/G' (gopLATCH.G) has no clock, timing propagation is disabled at the pin.
W: STA-3011: Clock pin 'AXI4_Interconnect_inst/M2_RDATA[89]/opit_0/G' (gopLATCH.G) has no clock, timing propagation is disabled at the pin.
W: STA-3011: Clock pin 'AXI4_Interconnect_inst/M2_RDATA[90]/opit_0/G' (gopLATCH.G) has no clock, timing propagation is disabled at the pin.
W: STA-3011: Clock pin 'AXI4_Interconnect_inst/M2_RDATA[91]/opit_0/G' (gopLATCH.G) has no clock, timing propagation is disabled at the pin.
W: STA-3011: Clock pin 'AXI4_Interconnect_inst/M2_RDATA[92]/opit_0/G' (gopLATCH.G) has no clock, timing propagation is disabled at the pin.
W: STA-3011: Clock pin 'AXI4_Interconnect_inst/M2_RDATA[93]/opit_0/G' (gopLATCH.G) has no clock, timing propagation is disabled at the pin.
W: STA-3011: Clock pin 'AXI4_Interconnect_inst/M2_RDATA[94]/opit_0/G' (gopLATCH.G) has no clock, timing propagation is disabled at the pin.
W: STA-3011: Clock pin 'AXI4_Interconnect_inst/M2_RDATA[95]/opit_0/G' (gopLATCH.G) has no clock, timing propagation is disabled at the pin.
W: STA-3011: Clock pin 'AXI4_Interconnect_inst/M2_RDATA[96]/opit_0/G' (gopLATCH.G) has no clock, timing propagation is disabled at the pin.
W: STA-3011: Clock pin 'AXI4_Interconnect_inst/M2_RDATA[97]/opit_0/G' (gopLATCH.G) has no clock, timing propagation is disabled at the pin.
W: STA-3011: Clock pin 'AXI4_Interconnect_inst/M2_RDATA[98]/opit_0/G' (gopLATCH.G) has no clock, timing propagation is disabled at the pin.
W: STA-3011: Clock pin 'AXI4_Interconnect_inst/M2_RDATA[99]/opit_0/G' (gopLATCH.G) has no clock, timing propagation is disabled at the pin.
W: STA-3011: Clock pin 'AXI4_Interconnect_inst/M2_RDATA[100]/opit_0/G' (gopLATCH.G) has no clock, timing propagation is disabled at the pin.
W: STA-3011: Clock pin 'AXI4_Interconnect_inst/M2_RDATA[101]/opit_0/G' (gopLATCH.G) has no clock, timing propagation is disabled at the pin.
W: STA-3011: Clock pin 'AXI4_Interconnect_inst/M2_RDATA[102]/opit_0/G' (gopLATCH.G) has no clock, timing propagation is disabled at the pin.
W: STA-3011: Clock pin 'AXI4_Interconnect_inst/M2_RDATA[103]/opit_0/G' (gopLATCH.G) has no clock, timing propagation is disabled at the pin.
W: STA-3011: Clock pin 'AXI4_Interconnect_inst/M2_RDATA[104]/opit_0/G' (gopLATCH.G) has no clock, timing propagation is disabled at the pin.
W: STA-3011: Clock pin 'AXI4_Interconnect_inst/M2_RDATA[105]/opit_0/G' (gopLATCH.G) has no clock, timing propagation is disabled at the pin.
W: STA-3011: Clock pin 'AXI4_Interconnect_inst/M2_RDATA[106]/opit_0/G' (gopLATCH.G) has no clock, timing propagation is disabled at the pin.
W: STA-3011: Clock pin 'AXI4_Interconnect_inst/M2_RDATA[107]/opit_0/G' (gopLATCH.G) has no clock, timing propagation is disabled at the pin.
W: STA-3011: Clock pin 'AXI4_Interconnect_inst/M2_RDATA[108]/opit_0/G' (gopLATCH.G) has no clock, timing propagation is disabled at the pin.
W: STA-3011: Clock pin 'AXI4_Interconnect_inst/M2_RDATA[109]/opit_0/G' (gopLATCH.G) has no clock, timing propagation is disabled at the pin.
W: STA-3011: Clock pin 'AXI4_Interconnect_inst/M2_RDATA[110]/opit_0/G' (gopLATCH.G) has no clock, timing propagation is disabled at the pin.
W: STA-3011: Clock pin 'AXI4_Interconnect_inst/M2_RDATA[111]/opit_0/G' (gopLATCH.G) has no clock, timing propagation is disabled at the pin.
W: STA-3011: Clock pin 'AXI4_Interconnect_inst/M2_RDATA[112]/opit_0/G' (gopLATCH.G) has no clock, timing propagation is disabled at the pin.
W: STA-3011: Clock pin 'AXI4_Interconnect_inst/M2_RDATA[113]/opit_0/G' (gopLATCH.G) has no clock, timing propagation is disabled at the pin.
W: STA-3011: Clock pin 'AXI4_Interconnect_inst/M2_RDATA[114]/opit_0/G' (gopLATCH.G) has no clock, timing propagation is disabled at the pin.
W: STA-3011: Clock pin 'AXI4_Interconnect_inst/M2_RDATA[115]/opit_0/G' (gopLATCH.G) has no clock, timing propagation is disabled at the pin.
W: STA-3011: Clock pin 'AXI4_Interconnect_inst/M2_RDATA[116]/opit_0/G' (gopLATCH.G) has no clock, timing propagation is disabled at the pin.
W: STA-3011: Clock pin 'AXI4_Interconnect_inst/M2_RDATA[117]/opit_0/G' (gopLATCH.G) has no clock, timing propagation is disabled at the pin.
W: STA-3011: Clock pin 'AXI4_Interconnect_inst/M2_RDATA[118]/opit_0/G' (gopLATCH.G) has no clock, timing propagation is disabled at the pin.
W: STA-3011: Clock pin 'AXI4_Interconnect_inst/M2_RDATA[119]/opit_0/G' (gopLATCH.G) has no clock, timing propagation is disabled at the pin.
W: STA-3011: Clock pin 'AXI4_Interconnect_inst/M2_RDATA[120]/opit_0/G' (gopLATCH.G) has no clock, timing propagation is disabled at the pin.
W: STA-3011: Clock pin 'AXI4_Interconnect_inst/M2_RDATA[121]/opit_0/G' (gopLATCH.G) has no clock, timing propagation is disabled at the pin.
W: STA-3011: Clock pin 'AXI4_Interconnect_inst/M2_RDATA[122]/opit_0/G' (gopLATCH.G) has no clock, timing propagation is disabled at the pin.
W: STA-3011: Clock pin 'AXI4_Interconnect_inst/M2_RDATA[123]/opit_0/G' (gopLATCH.G) has no clock, timing propagation is disabled at the pin.
W: STA-3011: Clock pin 'AXI4_Interconnect_inst/M2_RDATA[124]/opit_0/G' (gopLATCH.G) has no clock, timing propagation is disabled at the pin.
W: STA-3011: Clock pin 'AXI4_Interconnect_inst/M2_RDATA[125]/opit_0/G' (gopLATCH.G) has no clock, timing propagation is disabled at the pin.
W: STA-3011: Clock pin 'AXI4_Interconnect_inst/M2_RDATA[126]/opit_0/G' (gopLATCH.G) has no clock, timing propagation is disabled at the pin.
W: STA-3011: Clock pin 'AXI4_Interconnect_inst/M2_RDATA[127]/opit_0/G' (gopLATCH.G) has no clock, timing propagation is disabled at the pin.
W: STA-3011: Clock pin 'AXI4_Interconnect_inst/M2_RDATA[128]/opit_0/G' (gopLATCH.G) has no clock, timing propagation is disabled at the pin.
W: STA-3011: Clock pin 'AXI4_Interconnect_inst/M2_RDATA[129]/opit_0/G' (gopLATCH.G) has no clock, timing propagation is disabled at the pin.
W: STA-3011: Clock pin 'AXI4_Interconnect_inst/M2_RDATA[130]/opit_0/G' (gopLATCH.G) has no clock, timing propagation is disabled at the pin.
W: STA-3011: Clock pin 'AXI4_Interconnect_inst/M2_RDATA[131]/opit_0/G' (gopLATCH.G) has no clock, timing propagation is disabled at the pin.
W: STA-3011: Clock pin 'AXI4_Interconnect_inst/M2_RDATA[132]/opit_0/G' (gopLATCH.G) has no clock, timing propagation is disabled at the pin.
W: STA-3011: Clock pin 'AXI4_Interconnect_inst/M2_RDATA[133]/opit_0/G' (gopLATCH.G) has no clock, timing propagation is disabled at the pin.
W: STA-3011: Clock pin 'AXI4_Interconnect_inst/M2_RDATA[134]/opit_0/G' (gopLATCH.G) has no clock, timing propagation is disabled at the pin.
W: STA-3011: Clock pin 'AXI4_Interconnect_inst/M2_RDATA[135]/opit_0/G' (gopLATCH.G) has no clock, timing propagation is disabled at the pin.
W: STA-3011: Clock pin 'AXI4_Interconnect_inst/M2_RDATA[136]/opit_0/G' (gopLATCH.G) has no clock, timing propagation is disabled at the pin.
W: STA-3011: Clock pin 'AXI4_Interconnect_inst/M2_RDATA[137]/opit_0/G' (gopLATCH.G) has no clock, timing propagation is disabled at the pin.
W: STA-3011: Clock pin 'AXI4_Interconnect_inst/M2_RDATA[138]/opit_0/G' (gopLATCH.G) has no clock, timing propagation is disabled at the pin.
W: STA-3011: Clock pin 'AXI4_Interconnect_inst/M2_RDATA[139]/opit_0/G' (gopLATCH.G) has no clock, timing propagation is disabled at the pin.
W: STA-3011: Clock pin 'AXI4_Interconnect_inst/M2_RDATA[140]/opit_0/G' (gopLATCH.G) has no clock, timing propagation is disabled at the pin.
W: STA-3011: Clock pin 'AXI4_Interconnect_inst/M2_RDATA[141]/opit_0/G' (gopLATCH.G) has no clock, timing propagation is disabled at the pin.
W: STA-3011: Clock pin 'AXI4_Interconnect_inst/M2_RDATA[142]/opit_0/G' (gopLATCH.G) has no clock, timing propagation is disabled at the pin.
W: STA-3011: Clock pin 'AXI4_Interconnect_inst/M2_RDATA[143]/opit_0/G' (gopLATCH.G) has no clock, timing propagation is disabled at the pin.
W: STA-3011: Clock pin 'AXI4_Interconnect_inst/M2_RDATA[144]/opit_0/G' (gopLATCH.G) has no clock, timing propagation is disabled at the pin.
W: STA-3011: Clock pin 'AXI4_Interconnect_inst/M2_RDATA[145]/opit_0/G' (gopLATCH.G) has no clock, timing propagation is disabled at the pin.
W: STA-3011: Clock pin 'AXI4_Interconnect_inst/M2_RDATA[146]/opit_0/G' (gopLATCH.G) has no clock, timing propagation is disabled at the pin.
W: STA-3011: Clock pin 'AXI4_Interconnect_inst/M2_RDATA[147]/opit_0/G' (gopLATCH.G) has no clock, timing propagation is disabled at the pin.
W: STA-3011: Clock pin 'AXI4_Interconnect_inst/M2_RDATA[148]/opit_0/G' (gopLATCH.G) has no clock, timing propagation is disabled at the pin.
W: STA-3011: Clock pin 'AXI4_Interconnect_inst/M2_RDATA[149]/opit_0/G' (gopLATCH.G) has no clock, timing propagation is disabled at the pin.
W: STA-3011: Clock pin 'AXI4_Interconnect_inst/M2_RDATA[150]/opit_0/G' (gopLATCH.G) has no clock, timing propagation is disabled at the pin.
W: STA-3011: Clock pin 'AXI4_Interconnect_inst/M2_RDATA[151]/opit_0/G' (gopLATCH.G) has no clock, timing propagation is disabled at the pin.
W: STA-3011: Clock pin 'AXI4_Interconnect_inst/M2_RDATA[152]/opit_0/G' (gopLATCH.G) has no clock, timing propagation is disabled at the pin.
W: STA-3011: Clock pin 'AXI4_Interconnect_inst/M2_RDATA[153]/opit_0/G' (gopLATCH.G) has no clock, timing propagation is disabled at the pin.
W: STA-3011: Clock pin 'AXI4_Interconnect_inst/M2_RDATA[154]/opit_0/G' (gopLATCH.G) has no clock, timing propagation is disabled at the pin.
W: STA-3011: Clock pin 'AXI4_Interconnect_inst/M2_RDATA[155]/opit_0/G' (gopLATCH.G) has no clock, timing propagation is disabled at the pin.
W: STA-3011: Clock pin 'AXI4_Interconnect_inst/M2_RDATA[156]/opit_0/G' (gopLATCH.G) has no clock, timing propagation is disabled at the pin.
W: STA-3011: Clock pin 'AXI4_Interconnect_inst/M2_RDATA[157]/opit_0/G' (gopLATCH.G) has no clock, timing propagation is disabled at the pin.
W: STA-3011: Clock pin 'AXI4_Interconnect_inst/M2_RDATA[158]/opit_0/G' (gopLATCH.G) has no clock, timing propagation is disabled at the pin.
W: STA-3011: Clock pin 'AXI4_Interconnect_inst/M2_RDATA[159]/opit_0/G' (gopLATCH.G) has no clock, timing propagation is disabled at the pin.
W: STA-3011: Clock pin 'AXI4_Interconnect_inst/M2_RDATA[160]/opit_0/G' (gopLATCH.G) has no clock, timing propagation is disabled at the pin.
W: STA-3011: Clock pin 'AXI4_Interconnect_inst/M2_RDATA[161]/opit_0/G' (gopLATCH.G) has no clock, timing propagation is disabled at the pin.
W: STA-3011: Clock pin 'AXI4_Interconnect_inst/M2_RDATA[162]/opit_0/G' (gopLATCH.G) has no clock, timing propagation is disabled at the pin.
W: STA-3011: Clock pin 'AXI4_Interconnect_inst/M2_RDATA[163]/opit_0/G' (gopLATCH.G) has no clock, timing propagation is disabled at the pin.
W: STA-3011: Clock pin 'AXI4_Interconnect_inst/M2_RDATA[164]/opit_0/G' (gopLATCH.G) has no clock, timing propagation is disabled at the pin.
W: STA-3011: Clock pin 'AXI4_Interconnect_inst/M2_RDATA[165]/opit_0/G' (gopLATCH.G) has no clock, timing propagation is disabled at the pin.
W: STA-3011: Clock pin 'AXI4_Interconnect_inst/M2_RDATA[166]/opit_0/G' (gopLATCH.G) has no clock, timing propagation is disabled at the pin.
W: STA-3011: Clock pin 'AXI4_Interconnect_inst/M2_RDATA[167]/opit_0/G' (gopLATCH.G) has no clock, timing propagation is disabled at the pin.
W: STA-3011: Clock pin 'AXI4_Interconnect_inst/M2_RDATA[168]/opit_0/G' (gopLATCH.G) has no clock, timing propagation is disabled at the pin.
W: STA-3011: Clock pin 'AXI4_Interconnect_inst/M2_RDATA[169]/opit_0/G' (gopLATCH.G) has no clock, timing propagation is disabled at the pin.
W: STA-3011: Clock pin 'AXI4_Interconnect_inst/M2_RDATA[170]/opit_0/G' (gopLATCH.G) has no clock, timing propagation is disabled at the pin.
W: STA-3011: Clock pin 'AXI4_Interconnect_inst/M2_RDATA[171]/opit_0/G' (gopLATCH.G) has no clock, timing propagation is disabled at the pin.
W: STA-3011: Clock pin 'AXI4_Interconnect_inst/M2_RDATA[172]/opit_0/G' (gopLATCH.G) has no clock, timing propagation is disabled at the pin.
W: STA-3011: Clock pin 'AXI4_Interconnect_inst/M2_RDATA[173]/opit_0/G' (gopLATCH.G) has no clock, timing propagation is disabled at the pin.
W: STA-3011: Clock pin 'AXI4_Interconnect_inst/M2_RDATA[174]/opit_0/G' (gopLATCH.G) has no clock, timing propagation is disabled at the pin.
W: STA-3011: Clock pin 'AXI4_Interconnect_inst/M2_RDATA[175]/opit_0/G' (gopLATCH.G) has no clock, timing propagation is disabled at the pin.
W: STA-3011: Clock pin 'AXI4_Interconnect_inst/M2_RDATA[176]/opit_0/G' (gopLATCH.G) has no clock, timing propagation is disabled at the pin.
W: STA-3011: Clock pin 'AXI4_Interconnect_inst/M2_RDATA[177]/opit_0/G' (gopLATCH.G) has no clock, timing propagation is disabled at the pin.
W: STA-3011: Clock pin 'AXI4_Interconnect_inst/M2_RDATA[178]/opit_0/G' (gopLATCH.G) has no clock, timing propagation is disabled at the pin.
W: STA-3011: Clock pin 'AXI4_Interconnect_inst/M2_RDATA[179]/opit_0/G' (gopLATCH.G) has no clock, timing propagation is disabled at the pin.
W: STA-3011: Clock pin 'AXI4_Interconnect_inst/M2_RDATA[180]/opit_0/G' (gopLATCH.G) has no clock, timing propagation is disabled at the pin.
W: STA-3011: Clock pin 'AXI4_Interconnect_inst/M2_RDATA[181]/opit_0/G' (gopLATCH.G) has no clock, timing propagation is disabled at the pin.
W: STA-3011: Clock pin 'AXI4_Interconnect_inst/M2_RDATA[182]/opit_0/G' (gopLATCH.G) has no clock, timing propagation is disabled at the pin.
W: STA-3011: Clock pin 'AXI4_Interconnect_inst/M2_RDATA[183]/opit_0/G' (gopLATCH.G) has no clock, timing propagation is disabled at the pin.
W: STA-3011: Clock pin 'AXI4_Interconnect_inst/M2_RDATA[184]/opit_0/G' (gopLATCH.G) has no clock, timing propagation is disabled at the pin.
W: STA-3011: Clock pin 'AXI4_Interconnect_inst/M2_RDATA[185]/opit_0/G' (gopLATCH.G) has no clock, timing propagation is disabled at the pin.
W: STA-3011: Clock pin 'AXI4_Interconnect_inst/M2_RDATA[186]/opit_0/G' (gopLATCH.G) has no clock, timing propagation is disabled at the pin.
W: STA-3011: Clock pin 'AXI4_Interconnect_inst/M2_RDATA[187]/opit_0/G' (gopLATCH.G) has no clock, timing propagation is disabled at the pin.
W: STA-3011: Clock pin 'AXI4_Interconnect_inst/M2_RDATA[188]/opit_0/G' (gopLATCH.G) has no clock, timing propagation is disabled at the pin.
W: STA-3011: Clock pin 'AXI4_Interconnect_inst/M2_RDATA[189]/opit_0/G' (gopLATCH.G) has no clock, timing propagation is disabled at the pin.
W: STA-3011: Clock pin 'AXI4_Interconnect_inst/M2_RDATA[190]/opit_0/G' (gopLATCH.G) has no clock, timing propagation is disabled at the pin.
W: STA-3011: Clock pin 'AXI4_Interconnect_inst/M2_RDATA[191]/opit_0/G' (gopLATCH.G) has no clock, timing propagation is disabled at the pin.
W: STA-3011: Clock pin 'AXI4_Interconnect_inst/M2_RDATA[192]/opit_0/G' (gopLATCH.G) has no clock, timing propagation is disabled at the pin.
W: STA-3011: Clock pin 'AXI4_Interconnect_inst/M2_RDATA[193]/opit_0/G' (gopLATCH.G) has no clock, timing propagation is disabled at the pin.
W: STA-3011: Clock pin 'AXI4_Interconnect_inst/M2_RDATA[194]/opit_0/G' (gopLATCH.G) has no clock, timing propagation is disabled at the pin.
W: STA-3011: Clock pin 'AXI4_Interconnect_inst/M2_RDATA[195]/opit_0/G' (gopLATCH.G) has no clock, timing propagation is disabled at the pin.
W: STA-3011: Clock pin 'AXI4_Interconnect_inst/M2_RDATA[196]/opit_0/G' (gopLATCH.G) has no clock, timing propagation is disabled at the pin.
W: STA-3011: Clock pin 'AXI4_Interconnect_inst/M2_RDATA[197]/opit_0/G' (gopLATCH.G) has no clock, timing propagation is disabled at the pin.
W: STA-3011: Clock pin 'AXI4_Interconnect_inst/M2_RDATA[198]/opit_0/G' (gopLATCH.G) has no clock, timing propagation is disabled at the pin.
W: STA-3011: Clock pin 'AXI4_Interconnect_inst/M2_RDATA[199]/opit_0/G' (gopLATCH.G) has no clock, timing propagation is disabled at the pin.
W: STA-3011: Clock pin 'AXI4_Interconnect_inst/M2_RDATA[200]/opit_0/G' (gopLATCH.G) has no clock, timing propagation is disabled at the pin.
W: STA-3011: Clock pin 'AXI4_Interconnect_inst/M2_RDATA[201]/opit_0/G' (gopLATCH.G) has no clock, timing propagation is disabled at the pin.
W: STA-3011: Clock pin 'AXI4_Interconnect_inst/M2_RDATA[202]/opit_0/G' (gopLATCH.G) has no clock, timing propagation is disabled at the pin.
W: STA-3011: Clock pin 'AXI4_Interconnect_inst/M2_RDATA[203]/opit_0/G' (gopLATCH.G) has no clock, timing propagation is disabled at the pin.
W: STA-3011: Clock pin 'AXI4_Interconnect_inst/M2_RDATA[204]/opit_0/G' (gopLATCH.G) has no clock, timing propagation is disabled at the pin.
W: STA-3011: Clock pin 'AXI4_Interconnect_inst/M2_RDATA[205]/opit_0/G' (gopLATCH.G) has no clock, timing propagation is disabled at the pin.
W: STA-3011: Clock pin 'AXI4_Interconnect_inst/M2_RDATA[206]/opit_0/G' (gopLATCH.G) has no clock, timing propagation is disabled at the pin.
W: STA-3011: Clock pin 'AXI4_Interconnect_inst/M2_RDATA[207]/opit_0/G' (gopLATCH.G) has no clock, timing propagation is disabled at the pin.
W: STA-3011: Clock pin 'AXI4_Interconnect_inst/M2_RDATA[208]/opit_0/G' (gopLATCH.G) has no clock, timing propagation is disabled at the pin.
W: STA-3011: Clock pin 'AXI4_Interconnect_inst/M2_RDATA[209]/opit_0/G' (gopLATCH.G) has no clock, timing propagation is disabled at the pin.
W: STA-3011: Clock pin 'AXI4_Interconnect_inst/M2_RDATA[210]/opit_0/G' (gopLATCH.G) has no clock, timing propagation is disabled at the pin.
W: STA-3011: Clock pin 'AXI4_Interconnect_inst/M2_RDATA[211]/opit_0/G' (gopLATCH.G) has no clock, timing propagation is disabled at the pin.
W: STA-3011: Clock pin 'AXI4_Interconnect_inst/M2_RDATA[212]/opit_0/G' (gopLATCH.G) has no clock, timing propagation is disabled at the pin.
W: STA-3011: Clock pin 'AXI4_Interconnect_inst/M2_RDATA[213]/opit_0/G' (gopLATCH.G) has no clock, timing propagation is disabled at the pin.
W: STA-3011: Clock pin 'AXI4_Interconnect_inst/M2_RDATA[214]/opit_0/G' (gopLATCH.G) has no clock, timing propagation is disabled at the pin.
W: STA-3011: Clock pin 'AXI4_Interconnect_inst/M2_RDATA[215]/opit_0/G' (gopLATCH.G) has no clock, timing propagation is disabled at the pin.
W: STA-3011: Clock pin 'AXI4_Interconnect_inst/M2_RDATA[216]/opit_0/G' (gopLATCH.G) has no clock, timing propagation is disabled at the pin.
W: STA-3011: Clock pin 'AXI4_Interconnect_inst/M2_RDATA[217]/opit_0/G' (gopLATCH.G) has no clock, timing propagation is disabled at the pin.
W: STA-3011: Clock pin 'AXI4_Interconnect_inst/M2_RDATA[218]/opit_0/G' (gopLATCH.G) has no clock, timing propagation is disabled at the pin.
W: STA-3011: Clock pin 'AXI4_Interconnect_inst/M2_RDATA[219]/opit_0/G' (gopLATCH.G) has no clock, timing propagation is disabled at the pin.
W: STA-3011: Clock pin 'AXI4_Interconnect_inst/M2_RDATA[220]/opit_0/G' (gopLATCH.G) has no clock, timing propagation is disabled at the pin.
W: STA-3011: Clock pin 'AXI4_Interconnect_inst/M2_RDATA[221]/opit_0/G' (gopLATCH.G) has no clock, timing propagation is disabled at the pin.
W: STA-3011: Clock pin 'AXI4_Interconnect_inst/M2_RDATA[222]/opit_0/G' (gopLATCH.G) has no clock, timing propagation is disabled at the pin.
W: STA-3011: Clock pin 'AXI4_Interconnect_inst/M2_RDATA[223]/opit_0/G' (gopLATCH.G) has no clock, timing propagation is disabled at the pin.
W: STA-3011: Clock pin 'AXI4_Interconnect_inst/M2_RDATA[224]/opit_0/G' (gopLATCH.G) has no clock, timing propagation is disabled at the pin.
W: STA-3011: Clock pin 'AXI4_Interconnect_inst/M2_RDATA[225]/opit_0/G' (gopLATCH.G) has no clock, timing propagation is disabled at the pin.
W: STA-3011: Clock pin 'AXI4_Interconnect_inst/M2_RDATA[226]/opit_0/G' (gopLATCH.G) has no clock, timing propagation is disabled at the pin.
W: STA-3011: Clock pin 'AXI4_Interconnect_inst/M2_RDATA[227]/opit_0/G' (gopLATCH.G) has no clock, timing propagation is disabled at the pin.
W: STA-3011: Clock pin 'AXI4_Interconnect_inst/M2_RDATA[228]/opit_0/G' (gopLATCH.G) has no clock, timing propagation is disabled at the pin.
W: STA-3011: Clock pin 'AXI4_Interconnect_inst/M2_RDATA[229]/opit_0/G' (gopLATCH.G) has no clock, timing propagation is disabled at the pin.
W: STA-3011: Clock pin 'AXI4_Interconnect_inst/M2_RDATA[230]/opit_0/G' (gopLATCH.G) has no clock, timing propagation is disabled at the pin.
W: STA-3011: Clock pin 'AXI4_Interconnect_inst/M2_RDATA[231]/opit_0/G' (gopLATCH.G) has no clock, timing propagation is disabled at the pin.
W: STA-3011: Clock pin 'AXI4_Interconnect_inst/M2_RDATA[232]/opit_0/G' (gopLATCH.G) has no clock, timing propagation is disabled at the pin.
W: STA-3011: Clock pin 'AXI4_Interconnect_inst/M2_RDATA[233]/opit_0/G' (gopLATCH.G) has no clock, timing propagation is disabled at the pin.
W: STA-3011: Clock pin 'AXI4_Interconnect_inst/M2_RDATA[234]/opit_0/G' (gopLATCH.G) has no clock, timing propagation is disabled at the pin.
W: STA-3011: Clock pin 'AXI4_Interconnect_inst/M2_RDATA[235]/opit_0/G' (gopLATCH.G) has no clock, timing propagation is disabled at the pin.
W: STA-3011: Clock pin 'AXI4_Interconnect_inst/M2_RDATA[236]/opit_0/G' (gopLATCH.G) has no clock, timing propagation is disabled at the pin.
W: STA-3011: Clock pin 'AXI4_Interconnect_inst/M2_RDATA[237]/opit_0/G' (gopLATCH.G) has no clock, timing propagation is disabled at the pin.
W: STA-3011: Clock pin 'AXI4_Interconnect_inst/M2_RDATA[238]/opit_0/G' (gopLATCH.G) has no clock, timing propagation is disabled at the pin.
W: STA-3011: Clock pin 'AXI4_Interconnect_inst/M2_RDATA[239]/opit_0/G' (gopLATCH.G) has no clock, timing propagation is disabled at the pin.
W: STA-3011: Clock pin 'AXI4_Interconnect_inst/M2_RDATA[240]/opit_0/G' (gopLATCH.G) has no clock, timing propagation is disabled at the pin.
W: STA-3011: Clock pin 'AXI4_Interconnect_inst/M2_RDATA[241]/opit_0/G' (gopLATCH.G) has no clock, timing propagation is disabled at the pin.
W: STA-3011: Clock pin 'AXI4_Interconnect_inst/M2_RDATA[242]/opit_0/G' (gopLATCH.G) has no clock, timing propagation is disabled at the pin.
W: STA-3011: Clock pin 'AXI4_Interconnect_inst/M2_RDATA[243]/opit_0/G' (gopLATCH.G) has no clock, timing propagation is disabled at the pin.
W: STA-3011: Clock pin 'AXI4_Interconnect_inst/M2_RDATA[244]/opit_0/G' (gopLATCH.G) has no clock, timing propagation is disabled at the pin.
W: STA-3011: Clock pin 'AXI4_Interconnect_inst/M2_RDATA[245]/opit_0/G' (gopLATCH.G) has no clock, timing propagation is disabled at the pin.
W: STA-3011: Clock pin 'AXI4_Interconnect_inst/M2_RDATA[246]/opit_0/G' (gopLATCH.G) has no clock, timing propagation is disabled at the pin.
W: STA-3011: Clock pin 'AXI4_Interconnect_inst/M2_RDATA[247]/opit_0/G' (gopLATCH.G) has no clock, timing propagation is disabled at the pin.
W: STA-3011: Clock pin 'AXI4_Interconnect_inst/M2_RDATA[248]/opit_0/G' (gopLATCH.G) has no clock, timing propagation is disabled at the pin.
W: STA-3011: Clock pin 'AXI4_Interconnect_inst/M2_RDATA[249]/opit_0/G' (gopLATCH.G) has no clock, timing propagation is disabled at the pin.
W: STA-3011: Clock pin 'AXI4_Interconnect_inst/M2_RDATA[250]/opit_0/G' (gopLATCH.G) has no clock, timing propagation is disabled at the pin.
W: STA-3011: Clock pin 'AXI4_Interconnect_inst/M2_RDATA[251]/opit_0/G' (gopLATCH.G) has no clock, timing propagation is disabled at the pin.
W: STA-3011: Clock pin 'AXI4_Interconnect_inst/M2_RDATA[252]/opit_0/G' (gopLATCH.G) has no clock, timing propagation is disabled at the pin.
W: STA-3011: Clock pin 'AXI4_Interconnect_inst/M2_RDATA[253]/opit_0/G' (gopLATCH.G) has no clock, timing propagation is disabled at the pin.
W: STA-3011: Clock pin 'AXI4_Interconnect_inst/M2_RDATA[254]/opit_0/G' (gopLATCH.G) has no clock, timing propagation is disabled at the pin.
W: STA-3011: Clock pin 'AXI4_Interconnect_inst/M2_RDATA[255]/opit_0/G' (gopLATCH.G) has no clock, timing propagation is disabled at the pin.
W: STA-3011: Clock pin 'AXI4_Interconnect_inst/M2_RVALID[0]/opit_0/G' (gopLATCH.G) has no clock, timing propagation is disabled at the pin.
W: STA-3011: Clock pin 'coms1_reg_config/config_step_0/opit_0_inv/CLK' (gopQ.CLK) has no clock, timing propagation is disabled at the pin.
W: STA-3011: Clock pin 'coms1_reg_config/config_step_1/opit_0_inv/CLK' (gopQ.CLK) has no clock, timing propagation is disabled at the pin.
W: STA-3011: Clock pin 'coms1_reg_config/config_step_2/opit_0_inv/CLK' (gopQ.CLK) has no clock, timing propagation is disabled at the pin.
W: STA-3011: Clock pin 'coms1_reg_config/reg_conf_done_reg/opit_0_inv/CLK' (gopQ.CLK) has no clock, timing propagation is disabled at the pin.
W: STA-3011: Clock pin 'coms1_reg_config/reg_data/iGopDrm/CLKA[0]' (gopDRM.CLKA[0]) has no clock, timing propagation is disabled at the pin.
W: STA-3011: Clock pin 'coms1_reg_config/reg_data/iGopDrm/CLKB[0]' (gopDRM.CLKB[0]) has no clock, timing propagation is disabled at the pin.
W: STA-3011: Clock pin 'coms1_reg_config/reg_index[0]/opit_0_inv_L5Q_perm/CLK' (gopL5Q.CLK) has no clock, timing propagation is disabled at the pin.
W: STA-3011: Clock pin 'coms1_reg_config/reg_index[2]/opit_0_inv_A2Q21/CLK' (gopA2Q2.CLK) has no clock, timing propagation is disabled at the pin.
W: STA-3011: Clock pin 'coms1_reg_config/reg_index[4]/opit_0_inv_A2Q21/CLK' (gopA2Q2.CLK) has no clock, timing propagation is disabled at the pin.
W: STA-3011: Clock pin 'coms1_reg_config/reg_index[6]/opit_0_inv_A2Q21/CLK' (gopA2Q2.CLK) has no clock, timing propagation is disabled at the pin.
W: STA-3011: Clock pin 'coms1_reg_config/reg_index[8]/opit_0_inv_A2Q21/CLK' (gopA2Q2.CLK) has no clock, timing propagation is disabled at the pin.
W: STA-3011: Clock pin 'coms1_reg_config/start/opit_0_inv_L5Q_perm/CLK' (gopL5Q.CLK) has no clock, timing propagation is disabled at the pin.
W: STA-3011: Clock pin 'coms1_reg_config/u1/cyc_count[0]/opit_0_inv_L5Q_perm/CLK' (gopL5Q.CLK) has no clock, timing propagation is disabled at the pin.
W: STA-3011: Clock pin 'coms1_reg_config/u1/cyc_count[2]/opit_0_inv_A2Q21/CLK' (gopA2Q2.CLK) has no clock, timing propagation is disabled at the pin.
W: STA-3011: Clock pin 'coms1_reg_config/u1/cyc_count[4]/opit_0_inv_A2Q21/CLK' (gopA2Q2.CLK) has no clock, timing propagation is disabled at the pin.
W: STA-3011: Clock pin 'coms1_reg_config/u1/cyc_count[5]/opit_0_inv_AQ_perm/CLK' (gopAQ.CLK) has no clock, timing propagation is disabled at the pin.
W: STA-3011: Clock pin 'coms1_reg_config/u1/reg_sdat/opit_0_inv_L5Q_perm/CLK' (gopL5Q.CLK) has no clock, timing propagation is disabled at the pin.
W: STA-3011: Clock pin 'coms1_reg_config/u1/sclk/opit_0_inv_L5Q_perm/CLK' (gopL5Q.CLK) has no clock, timing propagation is disabled at the pin.
W: STA-3011: Clock pin 'coms1_reg_config/u1/tr_end/opit_0_inv_L5Q_perm/CLK' (gopL5Q.CLK) has no clock, timing propagation is disabled at the pin.
W: STA-3011: Clock pin 'coms2_reg_config/config_step_0/opit_0_inv/CLK' (gopQ.CLK) has no clock, timing propagation is disabled at the pin.
W: STA-3011: Clock pin 'coms2_reg_config/config_step_1/opit_0_inv/CLK' (gopQ.CLK) has no clock, timing propagation is disabled at the pin.
W: STA-3011: Clock pin 'coms2_reg_config/config_step_2/opit_0_inv/CLK' (gopQ.CLK) has no clock, timing propagation is disabled at the pin.
W: STA-3011: Clock pin 'coms2_reg_config/reg_conf_done_reg/opit_0_inv/CLK' (gopQ.CLK) has no clock, timing propagation is disabled at the pin.
W: STA-3011: Clock pin 'coms2_reg_config/reg_data/iGopDrm/CLKA[0]' (gopDRM.CLKA[0]) has no clock, timing propagation is disabled at the pin.
W: STA-3011: Clock pin 'coms2_reg_config/reg_data/iGopDrm/CLKB[0]' (gopDRM.CLKB[0]) has no clock, timing propagation is disabled at the pin.
W: STA-3011: Clock pin 'coms2_reg_config/reg_index[0]/opit_0_inv_L5Q_perm/CLK' (gopL5Q.CLK) has no clock, timing propagation is disabled at the pin.
W: STA-3011: Clock pin 'coms2_reg_config/reg_index[2]/opit_0_inv_A2Q21/CLK' (gopA2Q2.CLK) has no clock, timing propagation is disabled at the pin.
W: STA-3011: Clock pin 'coms2_reg_config/reg_index[4]/opit_0_inv_A2Q21/CLK' (gopA2Q2.CLK) has no clock, timing propagation is disabled at the pin.
W: STA-3011: Clock pin 'coms2_reg_config/reg_index[6]/opit_0_inv_A2Q21/CLK' (gopA2Q2.CLK) has no clock, timing propagation is disabled at the pin.
W: STA-3011: Clock pin 'coms2_reg_config/reg_index[8]/opit_0_inv_A2Q21/CLK' (gopA2Q2.CLK) has no clock, timing propagation is disabled at the pin.
W: STA-3011: Clock pin 'coms2_reg_config/start/opit_0_inv_L5Q_perm/CLK' (gopL5Q.CLK) has no clock, timing propagation is disabled at the pin.
W: STA-3011: Clock pin 'coms2_reg_config/u1/cyc_count[0]/opit_0_inv_L5Q_perm/CLK' (gopL5Q.CLK) has no clock, timing propagation is disabled at the pin.
W: STA-3011: Clock pin 'coms2_reg_config/u1/cyc_count[2]/opit_0_inv_A2Q21/CLK' (gopA2Q2.CLK) has no clock, timing propagation is disabled at the pin.
W: STA-3011: Clock pin 'coms2_reg_config/u1/cyc_count[4]/opit_0_inv_A2Q21/CLK' (gopA2Q2.CLK) has no clock, timing propagation is disabled at the pin.
W: STA-3011: Clock pin 'coms2_reg_config/u1/cyc_count[5]/opit_0_inv_AQ_perm/CLK' (gopAQ.CLK) has no clock, timing propagation is disabled at the pin.
W: STA-3011: Clock pin 'coms2_reg_config/u1/reg_sdat/opit_0_inv_L5Q_perm/CLK' (gopL5Q.CLK) has no clock, timing propagation is disabled at the pin.
W: STA-3011: Clock pin 'coms2_reg_config/u1/sclk/opit_0_inv_L5Q_perm/CLK' (gopL5Q.CLK) has no clock, timing propagation is disabled at the pin.
W: STA-3011: Clock pin 'coms2_reg_config/u1/tr_end/opit_0_inv_L5Q_perm/CLK' (gopL5Q.CLK) has no clock, timing propagation is disabled at the pin.
W: Timing-4086: Port 'cmos1_scl' is not constrained, it is treated as combinational input.
W: Timing-4087: Port 'cmos1_scl' is not constrained, it is treated as combinational output.
W: Timing-4086: Port 'cmos1_sda' is not constrained, it is treated as combinational input.
W: Timing-4087: Port 'cmos1_sda' is not constrained, it is treated as combinational output.
W: Timing-4086: Port 'cmos2_scl' is not constrained, it is treated as combinational input.
W: Timing-4087: Port 'cmos2_scl' is not constrained, it is treated as combinational output.
W: Timing-4086: Port 'cmos2_sda' is not constrained, it is treated as combinational input.
W: Timing-4087: Port 'cmos2_sda' is not constrained, it is treated as combinational output.
W: Timing-4086: Port 'iic_sda' is not constrained, it is treated as combinational input.
W: Timing-4087: Port 'iic_sda' is not constrained, it is treated as combinational output.
W: Timing-4086: Port 'iic_tx_sda' is not constrained, it is treated as combinational input.
W: Timing-4087: Port 'iic_tx_sda' is not constrained, it is treated as combinational output.
W: Timing-4086: Port 'mem_dq[0]' is not constrained, it is treated as combinational input.
W: Timing-4087: Port 'mem_dq[0]' is not constrained, it is treated as combinational output.
W: Timing-4086: Port 'mem_dq[1]' is not constrained, it is treated as combinational input.
W: Timing-4087: Port 'mem_dq[1]' is not constrained, it is treated as combinational output.
W: Timing-4086: Port 'mem_dq[2]' is not constrained, it is treated as combinational input.
W: Timing-4087: Port 'mem_dq[2]' is not constrained, it is treated as combinational output.
W: Timing-4086: Port 'mem_dq[3]' is not constrained, it is treated as combinational input.
W: Timing-4087: Port 'mem_dq[3]' is not constrained, it is treated as combinational output.
W: Timing-4086: Port 'mem_dq[4]' is not constrained, it is treated as combinational input.
W: Timing-4087: Port 'mem_dq[4]' is not constrained, it is treated as combinational output.
W: Timing-4086: Port 'mem_dq[5]' is not constrained, it is treated as combinational input.
W: Timing-4087: Port 'mem_dq[5]' is not constrained, it is treated as combinational output.
W: Timing-4086: Port 'mem_dq[6]' is not constrained, it is treated as combinational input.
W: Timing-4087: Port 'mem_dq[6]' is not constrained, it is treated as combinational output.
W: Timing-4086: Port 'mem_dq[7]' is not constrained, it is treated as combinational input.
W: Timing-4087: Port 'mem_dq[7]' is not constrained, it is treated as combinational output.
W: Timing-4086: Port 'mem_dq[8]' is not constrained, it is treated as combinational input.
W: Timing-4087: Port 'mem_dq[8]' is not constrained, it is treated as combinational output.
W: Timing-4086: Port 'mem_dq[9]' is not constrained, it is treated as combinational input.
W: Timing-4087: Port 'mem_dq[9]' is not constrained, it is treated as combinational output.
W: Timing-4086: Port 'mem_dq[10]' is not constrained, it is treated as combinational input.
W: Timing-4087: Port 'mem_dq[10]' is not constrained, it is treated as combinational output.
W: Timing-4086: Port 'mem_dq[11]' is not constrained, it is treated as combinational input.
W: Timing-4087: Port 'mem_dq[11]' is not constrained, it is treated as combinational output.
W: Timing-4086: Port 'mem_dq[12]' is not constrained, it is treated as combinational input.
W: Timing-4087: Port 'mem_dq[12]' is not constrained, it is treated as combinational output.
W: Timing-4086: Port 'mem_dq[13]' is not constrained, it is treated as combinational input.
W: Timing-4087: Port 'mem_dq[13]' is not constrained, it is treated as combinational output.
W: Timing-4086: Port 'mem_dq[14]' is not constrained, it is treated as combinational input.
W: Timing-4087: Port 'mem_dq[14]' is not constrained, it is treated as combinational output.
W: Timing-4086: Port 'mem_dq[15]' is not constrained, it is treated as combinational input.
W: Timing-4087: Port 'mem_dq[15]' is not constrained, it is treated as combinational output.
W: Timing-4086: Port 'mem_dq[16]' is not constrained, it is treated as combinational input.
W: Timing-4087: Port 'mem_dq[16]' is not constrained, it is treated as combinational output.
W: Timing-4086: Port 'mem_dq[17]' is not constrained, it is treated as combinational input.
W: Timing-4087: Port 'mem_dq[17]' is not constrained, it is treated as combinational output.
W: Timing-4086: Port 'mem_dq[18]' is not constrained, it is treated as combinational input.
W: Timing-4087: Port 'mem_dq[18]' is not constrained, it is treated as combinational output.
W: Timing-4086: Port 'mem_dq[19]' is not constrained, it is treated as combinational input.
W: Timing-4087: Port 'mem_dq[19]' is not constrained, it is treated as combinational output.
W: Timing-4086: Port 'mem_dq[20]' is not constrained, it is treated as combinational input.
W: Timing-4087: Port 'mem_dq[20]' is not constrained, it is treated as combinational output.
W: Timing-4086: Port 'mem_dq[21]' is not constrained, it is treated as combinational input.
W: Timing-4087: Port 'mem_dq[21]' is not constrained, it is treated as combinational output.
W: Timing-4086: Port 'mem_dq[22]' is not constrained, it is treated as combinational input.
W: Timing-4087: Port 'mem_dq[22]' is not constrained, it is treated as combinational output.
W: Timing-4086: Port 'mem_dq[23]' is not constrained, it is treated as combinational input.
W: Timing-4087: Port 'mem_dq[23]' is not constrained, it is treated as combinational output.
W: Timing-4086: Port 'mem_dq[24]' is not constrained, it is treated as combinational input.
W: Timing-4087: Port 'mem_dq[24]' is not constrained, it is treated as combinational output.
W: Timing-4086: Port 'mem_dq[25]' is not constrained, it is treated as combinational input.
W: Timing-4087: Port 'mem_dq[25]' is not constrained, it is treated as combinational output.
W: Timing-4086: Port 'mem_dq[26]' is not constrained, it is treated as combinational input.
W: Timing-4087: Port 'mem_dq[26]' is not constrained, it is treated as combinational output.
W: Timing-4086: Port 'mem_dq[27]' is not constrained, it is treated as combinational input.
W: Timing-4087: Port 'mem_dq[27]' is not constrained, it is treated as combinational output.
W: Timing-4086: Port 'mem_dq[28]' is not constrained, it is treated as combinational input.
W: Timing-4087: Port 'mem_dq[28]' is not constrained, it is treated as combinational output.
W: Timing-4086: Port 'mem_dq[29]' is not constrained, it is treated as combinational input.
W: Timing-4087: Port 'mem_dq[29]' is not constrained, it is treated as combinational output.
W: Timing-4086: Port 'mem_dq[30]' is not constrained, it is treated as combinational input.
W: Timing-4087: Port 'mem_dq[30]' is not constrained, it is treated as combinational output.
W: Timing-4086: Port 'mem_dq[31]' is not constrained, it is treated as combinational input.
W: Timing-4087: Port 'mem_dq[31]' is not constrained, it is treated as combinational output.
W: Timing-4086: Port 'mem_dqs[0]' is not constrained, it is treated as combinational input.
W: Timing-4087: Port 'mem_dqs[0]' is not constrained, it is treated as combinational output.
W: Timing-4086: Port 'mem_dqs[1]' is not constrained, it is treated as combinational input.
W: Timing-4087: Port 'mem_dqs[1]' is not constrained, it is treated as combinational output.
W: Timing-4086: Port 'mem_dqs[2]' is not constrained, it is treated as combinational input.
W: Timing-4087: Port 'mem_dqs[2]' is not constrained, it is treated as combinational output.
W: Timing-4086: Port 'mem_dqs[3]' is not constrained, it is treated as combinational input.
W: Timing-4087: Port 'mem_dqs[3]' is not constrained, it is treated as combinational output.
W: Timing-4086: Port 'mem_dqs_n[0]' is not constrained, it is treated as combinational input.
W: Timing-4087: Port 'mem_dqs_n[0]' is not constrained, it is treated as combinational output.
W: Timing-4086: Port 'mem_dqs_n[1]' is not constrained, it is treated as combinational input.
W: Timing-4087: Port 'mem_dqs_n[1]' is not constrained, it is treated as combinational output.
W: Timing-4086: Port 'mem_dqs_n[2]' is not constrained, it is treated as combinational input.
W: Timing-4087: Port 'mem_dqs_n[2]' is not constrained, it is treated as combinational output.
W: Timing-4086: Port 'mem_dqs_n[3]' is not constrained, it is treated as combinational input.
W: Timing-4087: Port 'mem_dqs_n[3]' is not constrained, it is treated as combinational output.
W: Timing-4087: Port 'b_out[0]' is not constrained, it is treated as combinational output.
W: Timing-4087: Port 'b_out[1]' is not constrained, it is treated as combinational output.
W: Timing-4087: Port 'b_out[2]' is not constrained, it is treated as combinational output.
W: Timing-4087: Port 'b_out[3]' is not constrained, it is treated as combinational output.
W: Timing-4087: Port 'b_out[4]' is not constrained, it is treated as combinational output.
W: Timing-4087: Port 'b_out[5]' is not constrained, it is treated as combinational output.
W: Timing-4087: Port 'b_out[6]' is not constrained, it is treated as combinational output.
W: Timing-4087: Port 'b_out[7]' is not constrained, it is treated as combinational output.
W: Timing-4087: Port 'cmos1_reset' is not constrained, it is treated as combinational output.
W: Timing-4087: Port 'cmos2_reset' is not constrained, it is treated as combinational output.
W: Timing-4087: Port 'cmos_init_done[0]' is not constrained, it is treated as combinational output.
W: Timing-4087: Port 'cmos_init_done[1]' is not constrained, it is treated as combinational output.
W: Timing-4087: Port 'ddr_init_done' is not constrained, it is treated as combinational output.
W: Timing-4087: Port 'de_out' is not constrained, it is treated as combinational output.
W: Timing-4087: Port 'g_out[0]' is not constrained, it is treated as combinational output.
W: Timing-4087: Port 'g_out[1]' is not constrained, it is treated as combinational output.
W: Timing-4087: Port 'g_out[2]' is not constrained, it is treated as combinational output.
W: Timing-4087: Port 'g_out[3]' is not constrained, it is treated as combinational output.
W: Timing-4087: Port 'g_out[4]' is not constrained, it is treated as combinational output.
W: Timing-4087: Port 'g_out[5]' is not constrained, it is treated as combinational output.
W: Timing-4087: Port 'g_out[6]' is not constrained, it is treated as combinational output.
W: Timing-4087: Port 'g_out[7]' is not constrained, it is treated as combinational output.
W: Timing-4087: Port 'hdmi_int_led' is not constrained, it is treated as combinational output.
W: Timing-4087: Port 'heart_beat_led' is not constrained, it is treated as combinational output.
W: Timing-4087: Port 'hs_out' is not constrained, it is treated as combinational output.
W: Timing-4087: Port 'iic_scl' is not constrained, it is treated as combinational output.
W: Timing-4087: Port 'iic_tx_scl' is not constrained, it is treated as combinational output.
W: Timing-4087: Port 'mem_a[0]' is not constrained, it is treated as combinational output.
W: Timing-4087: Port 'mem_a[1]' is not constrained, it is treated as combinational output.
W: Timing-4087: Port 'mem_a[2]' is not constrained, it is treated as combinational output.
W: Timing-4087: Port 'mem_a[3]' is not constrained, it is treated as combinational output.
W: Timing-4087: Port 'mem_a[4]' is not constrained, it is treated as combinational output.
W: Timing-4087: Port 'mem_a[5]' is not constrained, it is treated as combinational output.
W: Timing-4087: Port 'mem_a[6]' is not constrained, it is treated as combinational output.
W: Timing-4087: Port 'mem_a[7]' is not constrained, it is treated as combinational output.
W: Timing-4087: Port 'mem_a[8]' is not constrained, it is treated as combinational output.
W: Timing-4087: Port 'mem_a[9]' is not constrained, it is treated as combinational output.
W: Timing-4087: Port 'mem_a[10]' is not constrained, it is treated as combinational output.
W: Timing-4087: Port 'mem_a[11]' is not constrained, it is treated as combinational output.
W: Timing-4087: Port 'mem_a[12]' is not constrained, it is treated as combinational output.
W: Timing-4087: Port 'mem_a[13]' is not constrained, it is treated as combinational output.
W: Timing-4087: Port 'mem_a[14]' is not constrained, it is treated as combinational output.
W: Timing-4087: Port 'mem_ba[0]' is not constrained, it is treated as combinational output.
W: Timing-4087: Port 'mem_ba[1]' is not constrained, it is treated as combinational output.
W: Timing-4087: Port 'mem_ba[2]' is not constrained, it is treated as combinational output.
W: Timing-4087: Port 'mem_cas_n' is not constrained, it is treated as combinational output.
W: Timing-4087: Port 'mem_ck' is not constrained, it is treated as combinational output.
W: Timing-4087: Port 'mem_ck_n' is not constrained, it is treated as combinational output.
W: Timing-4087: Port 'mem_cke' is not constrained, it is treated as combinational output.
W: Timing-4087: Port 'mem_cs_n' is not constrained, it is treated as combinational output.
W: Timing-4087: Port 'mem_dm[0]' is not constrained, it is treated as combinational output.
W: Timing-4087: Port 'mem_dm[1]' is not constrained, it is treated as combinational output.
W: Timing-4087: Port 'mem_dm[2]' is not constrained, it is treated as combinational output.
W: Timing-4087: Port 'mem_dm[3]' is not constrained, it is treated as combinational output.
W: Timing-4087: Port 'mem_odt' is not constrained, it is treated as combinational output.
W: Timing-4087: Port 'mem_ras_n' is not constrained, it is treated as combinational output.
W: Timing-4087: Port 'mem_rst_n' is not constrained, it is treated as combinational output.
W: Timing-4087: Port 'mem_we_n' is not constrained, it is treated as combinational output.
W: Timing-4087: Port 'pix_clk' is not constrained, it is treated as combinational output.
W: Timing-4087: Port 'r_out[0]' is not constrained, it is treated as combinational output.
W: Timing-4087: Port 'r_out[1]' is not constrained, it is treated as combinational output.
W: Timing-4087: Port 'r_out[2]' is not constrained, it is treated as combinational output.
W: Timing-4087: Port 'r_out[3]' is not constrained, it is treated as combinational output.
W: Timing-4087: Port 'r_out[4]' is not constrained, it is treated as combinational output.
W: Timing-4087: Port 'r_out[5]' is not constrained, it is treated as combinational output.
W: Timing-4087: Port 'r_out[6]' is not constrained, it is treated as combinational output.
W: Timing-4087: Port 'r_out[7]' is not constrained, it is treated as combinational output.
W: Timing-4087: Port 'rstn_out' is not constrained, it is treated as combinational output.
W: Timing-4087: Port 'vs_out' is not constrained, it is treated as combinational output.
W: Timing-4086: Port 'b_in[0]' is not constrained, it is treated as combinational input.
W: Timing-4086: Port 'b_in[1]' is not constrained, it is treated as combinational input.
W: Timing-4086: Port 'b_in[2]' is not constrained, it is treated as combinational input.
W: Timing-4086: Port 'b_in[3]' is not constrained, it is treated as combinational input.
W: Timing-4086: Port 'b_in[4]' is not constrained, it is treated as combinational input.
W: Timing-4086: Port 'b_in[5]' is not constrained, it is treated as combinational input.
W: Timing-4086: Port 'b_in[6]' is not constrained, it is treated as combinational input.
W: Timing-4086: Port 'b_in[7]' is not constrained, it is treated as combinational input.
W: Timing-4086: Port 'cmos1_data[0]' is not constrained, it is treated as combinational input.
W: Timing-4086: Port 'cmos1_data[1]' is not constrained, it is treated as combinational input.
W: Timing-4086: Port 'cmos1_data[2]' is not constrained, it is treated as combinational input.
W: Timing-4086: Port 'cmos1_data[3]' is not constrained, it is treated as combinational input.
W: Timing-4086: Port 'cmos1_data[4]' is not constrained, it is treated as combinational input.
W: Timing-4086: Port 'cmos1_data[5]' is not constrained, it is treated as combinational input.
W: Timing-4086: Port 'cmos1_data[6]' is not constrained, it is treated as combinational input.
W: Timing-4086: Port 'cmos1_data[7]' is not constrained, it is treated as combinational input.
W: Timing-4086: Port 'cmos1_href' is not constrained, it is treated as combinational input.
W: Timing-4086: Port 'cmos1_vsync' is not constrained, it is treated as combinational input.
W: Timing-4086: Port 'cmos2_data[0]' is not constrained, it is treated as combinational input.
W: Timing-4086: Port 'cmos2_data[1]' is not constrained, it is treated as combinational input.
W: Timing-4086: Port 'cmos2_data[2]' is not constrained, it is treated as combinational input.
W: Timing-4086: Port 'cmos2_data[3]' is not constrained, it is treated as combinational input.
W: Timing-4086: Port 'cmos2_data[4]' is not constrained, it is treated as combinational input.
W: Timing-4086: Port 'cmos2_data[5]' is not constrained, it is treated as combinational input.
W: Timing-4086: Port 'cmos2_data[6]' is not constrained, it is treated as combinational input.
W: Timing-4086: Port 'cmos2_data[7]' is not constrained, it is treated as combinational input.
W: Timing-4086: Port 'cmos2_href' is not constrained, it is treated as combinational input.
W: Timing-4086: Port 'cmos2_vsync' is not constrained, it is treated as combinational input.
W: Timing-4086: Port 'de_in' is not constrained, it is treated as combinational input.
W: Timing-4086: Port 'g_in[0]' is not constrained, it is treated as combinational input.
W: Timing-4086: Port 'g_in[1]' is not constrained, it is treated as combinational input.
W: Timing-4086: Port 'g_in[2]' is not constrained, it is treated as combinational input.
W: Timing-4086: Port 'g_in[3]' is not constrained, it is treated as combinational input.
W: Timing-4086: Port 'g_in[4]' is not constrained, it is treated as combinational input.
W: Timing-4086: Port 'g_in[5]' is not constrained, it is treated as combinational input.
W: Timing-4086: Port 'g_in[6]' is not constrained, it is treated as combinational input.
W: Timing-4086: Port 'g_in[7]' is not constrained, it is treated as combinational input.
W: Timing-4086: Port 'hs_in' is not constrained, it is treated as combinational input.
W: Timing-4086: Port 'r_in[0]' is not constrained, it is treated as combinational input.
W: Timing-4086: Port 'r_in[1]' is not constrained, it is treated as combinational input.
W: Timing-4086: Port 'r_in[2]' is not constrained, it is treated as combinational input.
W: Timing-4086: Port 'r_in[3]' is not constrained, it is treated as combinational input.
W: Timing-4086: Port 'r_in[4]' is not constrained, it is treated as combinational input.
W: Timing-4086: Port 'r_in[5]' is not constrained, it is treated as combinational input.
W: Timing-4086: Port 'r_in[6]' is not constrained, it is treated as combinational input.
W: Timing-4086: Port 'r_in[7]' is not constrained, it is treated as combinational input.
W: Timing-4086: Port 'vs_in' is not constrained, it is treated as combinational input.
Report timing is finished successfully.
Action report_timing: Real time elapsed is 0h:0m:13s
Action report_timing: CPU time elapsed is 0h:0m:11s
Action report_timing: Process CPU time elapsed is 0h:0m:11s
Current time: Thu May  4 12:35:36 2023
Action report_timing: Peak memory pool usage is 854 MB
